2017-11-15 22:08:43.808+0000 INFO  [o.n.k.i.f.CommunityFacadeFactory] No locking implementation specified, defaulting to 'community'
2017-11-15 22:08:43.889+0000 INFO  [o.n.k.AvailabilityGuard] Requirement makes database unavailable: Database available
2017-11-15 22:08:43.897+0000 INFO  [o.n.k.i.DiagnosticsManager] --- INITIALIZED diagnostics START ---
2017-11-15 22:08:43.898+0000 INFO  [o.n.k.i.DiagnosticsManager] Neo4j Kernel properties:
2017-11-15 22:08:43.900+0000 INFO  [o.n.k.i.DiagnosticsManager] read_only=false
2017-11-15 22:08:43.901+0000 INFO  [o.n.k.i.DiagnosticsManager] ephemeral=false
2017-11-15 22:08:43.901+0000 INFO  [o.n.k.i.DiagnosticsManager] edition=Community
2017-11-15 22:08:43.901+0000 INFO  [o.n.k.i.DiagnosticsManager] Diagnostics providers:
2017-11-15 22:08:43.901+0000 INFO  [o.n.k.i.DiagnosticsManager] org.neo4j.kernel.configuration.Config
2017-11-15 22:08:43.901+0000 INFO  [o.n.k.i.DiagnosticsManager] org.neo4j.kernel.info.DiagnosticsManager
2017-11-15 22:08:43.902+0000 INFO  [o.n.k.i.DiagnosticsManager] SYSTEM_MEMORY
2017-11-15 22:08:43.902+0000 INFO  [o.n.k.i.DiagnosticsManager] JAVA_MEMORY
2017-11-15 22:08:43.902+0000 INFO  [o.n.k.i.DiagnosticsManager] OPERATING_SYSTEM
2017-11-15 22:08:43.902+0000 INFO  [o.n.k.i.DiagnosticsManager] JAVA_VIRTUAL_MACHINE
2017-11-15 22:08:43.902+0000 INFO  [o.n.k.i.DiagnosticsManager] CLASSPATH
2017-11-15 22:08:43.902+0000 INFO  [o.n.k.i.DiagnosticsManager] LIBRARY_PATH
2017-11-15 22:08:43.903+0000 INFO  [o.n.k.i.DiagnosticsManager] SYSTEM_PROPERTIES
2017-11-15 22:08:43.903+0000 INFO  [o.n.k.i.DiagnosticsManager] LINUX_SCHEDULERS
2017-11-15 22:08:43.903+0000 INFO  [o.n.k.i.DiagnosticsManager] NETWORK
2017-11-15 22:08:43.903+0000 INFO  [o.n.k.i.DiagnosticsManager] System memory information:
2017-11-15 22:08:43.908+0000 INFO  [o.n.k.i.DiagnosticsManager] Total Physical memory: 70,58 GB
2017-11-15 22:08:43.909+0000 INFO  [o.n.k.i.DiagnosticsManager] Free Physical memory: 5,06 GB
2017-11-15 22:08:43.909+0000 INFO  [o.n.k.i.DiagnosticsManager] Committed virtual memory: 22,10 GB
2017-11-15 22:08:43.910+0000 INFO  [o.n.k.i.DiagnosticsManager] Total swap space: 13,88 GB
2017-11-15 22:08:43.910+0000 INFO  [o.n.k.i.DiagnosticsManager] Free swap space: 13,88 GB
2017-11-15 22:08:43.910+0000 INFO  [o.n.k.i.DiagnosticsManager] JVM memory information:
2017-11-15 22:08:43.911+0000 INFO  [o.n.k.i.DiagnosticsManager] Free  memory: 803,72 MB
2017-11-15 22:08:43.911+0000 INFO  [o.n.k.i.DiagnosticsManager] Total memory: 1,06 GB
2017-11-15 22:08:43.911+0000 INFO  [o.n.k.i.DiagnosticsManager] Max   memory: 15,69 GB
2017-11-15 22:08:43.913+0000 INFO  [o.n.k.i.DiagnosticsManager] Garbage Collector: PS Scavenge: [PS Eden Space, PS Survivor Space]
2017-11-15 22:08:43.913+0000 INFO  [o.n.k.i.DiagnosticsManager] Garbage Collector: PS MarkSweep: [PS Eden Space, PS Survivor Space, PS Old Gen]
2017-11-15 22:08:43.915+0000 INFO  [o.n.k.i.DiagnosticsManager] Memory Pool: Code Cache (Non-heap memory): committed=4,50 MB, used=4,48 MB, max=240,00 MB, threshold=0,00 B
2017-11-15 22:08:43.916+0000 INFO  [o.n.k.i.DiagnosticsManager] Memory Pool: Metaspace (Non-heap memory): committed=8,63 MB, used=8,13 MB, max=-1,00 B, threshold=0,00 B
2017-11-15 22:08:43.918+0000 INFO  [o.n.k.i.DiagnosticsManager] Memory Pool: Compressed Class Space (Non-heap memory): committed=1,13 MB, used=993,00 kB, max=1,00 GB, threshold=0,00 B
2017-11-15 22:08:43.919+0000 INFO  [o.n.k.i.DiagnosticsManager] Memory Pool: PS Eden Space (Heap memory): committed=282,50 MB, used=279,28 MB, max=5,79 GB, threshold=?
2017-11-15 22:08:43.920+0000 INFO  [o.n.k.i.DiagnosticsManager] Memory Pool: PS Survivor Space (Heap memory): committed=47,00 MB, used=0,00 B, max=47,00 MB, threshold=?
2017-11-15 22:08:43.921+0000 INFO  [o.n.k.i.DiagnosticsManager] Memory Pool: PS Old Gen (Heap memory): committed=753,50 MB, used=0,00 B, max=11,76 GB, threshold=0,00 B
2017-11-15 22:08:43.921+0000 INFO  [o.n.k.i.DiagnosticsManager] Operating system information:
2017-11-15 22:08:43.922+0000 INFO  [o.n.k.i.DiagnosticsManager] Operating System: Linux; version: 3.10.0-693.5.2.el7.x86_64; arch: amd64; cpus: 24
2017-11-15 22:08:43.922+0000 INFO  [o.n.k.i.DiagnosticsManager] Max number of file descriptors: 4,00 kB
2017-11-15 22:08:43.923+0000 INFO  [o.n.k.i.DiagnosticsManager] Number of open file descriptors: 39,00 B
2017-11-15 22:08:43.929+0000 INFO  [o.n.k.i.DiagnosticsManager] Process id: 26576@buriti.lncc.br
2017-11-15 22:08:43.929+0000 INFO  [o.n.k.i.DiagnosticsManager] Byte order: LITTLE_ENDIAN
2017-11-15 22:08:43.930+0000 INFO  [o.n.k.i.DiagnosticsManager] Local timezone: America/Sao_Paulo
2017-11-15 22:08:43.930+0000 INFO  [o.n.k.i.DiagnosticsManager] JVM information:
2017-11-15 22:08:43.931+0000 INFO  [o.n.k.i.DiagnosticsManager] VM Name: OpenJDK 64-Bit Server VM
2017-11-15 22:08:43.931+0000 INFO  [o.n.k.i.DiagnosticsManager] VM Vendor: Oracle Corporation
2017-11-15 22:08:43.931+0000 INFO  [o.n.k.i.DiagnosticsManager] VM Version: 25.151-b12
2017-11-15 22:08:43.932+0000 INFO  [o.n.k.i.DiagnosticsManager] JIT compiler: HotSpot 64-Bit Tiered Compilers
2017-11-15 22:08:43.933+0000 INFO  [o.n.k.i.DiagnosticsManager] VM Arguments: [-Dapp.name=neo4j-shell, -Dapp.pid=26576, -Dapp.repo=/home/quelopes/DB-Buriti/HPV-neo4j/neo4j/lib, -Dbasedir=/home/quelopes/DB-Buriti/HPV-neo4j/neo4j, -Dfile.encoding=UTF-8]
2017-11-15 22:08:43.933+0000 INFO  [o.n.k.i.DiagnosticsManager] Java classpath:
2017-11-15 22:08:43.942+0000 INFO  [o.n.k.i.DiagnosticsManager]  [classpath + loader.0] file:/home/quelopes/DB-Buriti/HPV-neo4j/neo4j/lib/neo4j-consistency-check-legacy-2.3.4.jar
2017-11-15 22:08:43.943+0000 INFO  [o.n.k.i.DiagnosticsManager]  [classpath + loader.0] file:/home/quelopes/DB-Buriti/HPV-neo4j/neo4j/lib/neo4j-udc-2.3.4.jar
2017-11-15 22:08:43.943+0000 INFO  [o.n.k.i.DiagnosticsManager]  [classpath + loader.0] file:/home/quelopes/DB-Buriti/HPV-neo4j/neo4j/lib/neo4j-kernel-2.3.4.jar
2017-11-15 22:08:43.943+0000 INFO  [o.n.k.i.DiagnosticsManager]  [classpath + loader.0] file:/home/quelopes/DB-Buriti/HPV-neo4j/neo4j/lib/scala-library-2.11.7.jar
2017-11-15 22:08:43.943+0000 INFO  [o.n.k.i.DiagnosticsManager]  [bootstrap] /usr/lib/jvm/java-1.8.0-openjdk-1.8.0.151-1.b12.el7_4.x86_64/jre/lib/charsets.jar
2017-11-15 22:08:43.943+0000 INFO  [o.n.k.i.DiagnosticsManager]  [classpath + loader.0] file:/home/quelopes/DB-Buriti/HPV-neo4j/neo4j/lib/neo4j-logging-2.3.4.jar
2017-11-15 22:08:43.943+0000 INFO  [o.n.k.i.DiagnosticsManager]  [loader.1] file:/usr/lib/jvm/java-1.8.0-openjdk-1.8.0.151-1.b12.el7_4.x86_64/jre/lib/ext/jaccess.jar
2017-11-15 22:08:43.943+0000 INFO  [o.n.k.i.DiagnosticsManager]  [classpath + loader.0] file:/home/quelopes/DB-Buriti/HPV-neo4j/neo4j/lib/opencsv-2.3.jar
2017-11-15 22:08:43.944+0000 INFO  [o.n.k.i.DiagnosticsManager]  [classpath + loader.0] file:/home/quelopes/DB-Buriti/HPV-neo4j/neo4j/lib/scala-reflect-2.11.7.jar
2017-11-15 22:08:43.944+0000 INFO  [o.n.k.i.DiagnosticsManager]  [bootstrap] /usr/lib/jvm/java-1.8.0-openjdk-1.8.0.151-1.b12.el7_4.x86_64/jre/lib/rt.jar
2017-11-15 22:08:43.944+0000 INFO  [o.n.k.i.DiagnosticsManager]  [classpath + loader.0] file:/home/quelopes/DB-Buriti/HPV-neo4j/neo4j/lib/neo4j-primitive-collections-2.3.4.jar
2017-11-15 22:08:43.944+0000 INFO  [o.n.k.i.DiagnosticsManager]  [classpath + loader.0] file:/home/quelopes/DB-Buriti/HPV-neo4j/neo4j/lib/neo4j-consistency-check-2.3.4.jar
2017-11-15 22:08:43.944+0000 INFO  [o.n.k.i.DiagnosticsManager]  [classpath + loader.0] file:/home/quelopes/DB-Buriti/HPV-neo4j/neo4j/lib/parboiled-core-1.1.7.jar
2017-11-15 22:08:43.944+0000 INFO  [o.n.k.i.DiagnosticsManager]  [loader.1] file:/usr/lib/jvm/java-1.8.0-openjdk-1.8.0.151-1.b12.el7_4.x86_64/jre/lib/ext/localedata.jar
2017-11-15 22:08:43.944+0000 INFO  [o.n.k.i.DiagnosticsManager]  [classpath + loader.0] file:/home/quelopes/DB-Buriti/HPV-neo4j/neo4j/lib/neo4j-lucene-index-2.3.4.jar
2017-11-15 22:08:43.945+0000 INFO  [o.n.k.i.DiagnosticsManager]  [loader.1] file:/usr/lib/jvm/java-1.8.0-openjdk-1.8.0.151-1.b12.el7_4.x86_64/jre/lib/ext/sunec.jar
2017-11-15 22:08:43.945+0000 INFO  [o.n.k.i.DiagnosticsManager]  [classpath + loader.0] file:/home/quelopes/DB-Buriti/HPV-neo4j/neo4j/lib/parboiled-scala_2.11-1.1.7.jar
2017-11-15 22:08:43.945+0000 INFO  [o.n.k.i.DiagnosticsManager]  [loader.1] file:/usr/lib/jvm/java-1.8.0-openjdk-1.8.0.151-1.b12.el7_4.x86_64/jre/lib/ext/sunjce_provider.jar
2017-11-15 22:08:43.945+0000 INFO  [o.n.k.i.DiagnosticsManager]  [classpath + loader.0] file:/home/quelopes/DB-Buriti/HPV-neo4j/neo4j/lib/concurrentlinkedhashmap-lru-1.4.2.jar
2017-11-15 22:08:43.945+0000 INFO  [o.n.k.i.DiagnosticsManager]  [classpath + loader.0] file:/home/quelopes/DB-Buriti/HPV-neo4j/neo4j/lib/neo4j-cypher-compiler-2.3-2.3.4.jar
2017-11-15 22:08:43.946+0000 INFO  [o.n.k.i.DiagnosticsManager]  [classpath + loader.0] file:/home/quelopes/DB-Buriti/HPV-neo4j/neo4j/lib/neo4j-codegen-2.3.4.jar
2017-11-15 22:08:43.946+0000 INFO  [o.n.k.i.DiagnosticsManager]  [loader.1] file:/usr/lib/jvm/java-1.8.0-openjdk-1.8.0.151-1.b12.el7_4.x86_64/jre/lib/ext/nashorn.jar
2017-11-15 22:08:43.946+0000 INFO  [o.n.k.i.DiagnosticsManager]  [classpath + loader.0] file:/home/quelopes/DB-Buriti/HPV-neo4j/neo4j/lib/neo4j-function-2.3.4.jar
2017-11-15 22:08:43.946+0000 INFO  [o.n.k.i.DiagnosticsManager]  [classpath + loader.0] file:/home/quelopes/DB-Buriti/HPV-neo4j/neo4j/lib/scala-parser-combinators_2.11-1.0.4.jar
2017-11-15 22:08:43.946+0000 INFO  [o.n.k.i.DiagnosticsManager]  [bootstrap] /usr/lib/jvm/java-1.8.0-openjdk-1.8.0.151-1.b12.el7_4.x86_64/jre/lib/jce.jar
2017-11-15 22:08:43.947+0000 INFO  [o.n.k.i.DiagnosticsManager]  [classpath + loader.0] file:/home/quelopes/DB-Buriti/HPV-neo4j/neo4j/lib/lucene-core-3.6.2.jar
2017-11-15 22:08:43.947+0000 INFO  [o.n.k.i.DiagnosticsManager]  [classpath + loader.0] file:/home/quelopes/DB-Buriti/HPV-neo4j/neo4j/lib/neo4j-shell-2.3.4.jar
2017-11-15 22:08:43.947+0000 INFO  [o.n.k.i.DiagnosticsManager]  [classpath + loader.0] file:/home/quelopes/DB-Buriti/HPV-neo4j/neo4j/lib/neo4j-graph-algo-2.3.4.jar
2017-11-15 22:08:43.947+0000 INFO  [o.n.k.i.DiagnosticsManager]  [classpath + loader.0] file:/home/quelopes/DB-Buriti/HPV-neo4j/neo4j/lib/neo4j-io-2.3.4.jar
2017-11-15 22:08:43.947+0000 INFO  [o.n.k.i.DiagnosticsManager]  [bootstrap] /usr/lib/jvm/java-1.8.0-openjdk-1.8.0.151-1.b12.el7_4.x86_64/jre/lib/jsse.jar
2017-11-15 22:08:43.947+0000 INFO  [o.n.k.i.DiagnosticsManager]  [classpath + loader.0] file:/home/quelopes/DB-Buriti/HPV-neo4j/neo4j/lib/neo4j-cypher-compiler-2.2_2.11-2.2.9.jar
2017-11-15 22:08:43.947+0000 INFO  [o.n.k.i.DiagnosticsManager]  [bootstrap] /usr/lib/jvm/java-1.8.0-openjdk-1.8.0.151-1.b12.el7_4.x86_64/jre/lib/sunrsasign.jar
2017-11-15 22:08:43.947+0000 INFO  [o.n.k.i.DiagnosticsManager]  [bootstrap] /usr/lib/jvm/java-1.8.0-openjdk-1.8.0.151-1.b12.el7_4.x86_64/jre/classes
2017-11-15 22:08:43.948+0000 INFO  [o.n.k.i.DiagnosticsManager]  [classpath + loader.0] file:/home/quelopes/DB-Buriti/HPV-neo4j/neo4j/lib/neo4j-jmx-2.3.4.jar
2017-11-15 22:08:43.948+0000 INFO  [o.n.k.i.DiagnosticsManager]  [classpath + loader.0] file:/home/quelopes/DB-Buriti/HPV-neo4j/neo4j/lib/neo4j-cypher-2.3.4.jar
2017-11-15 22:08:43.948+0000 INFO  [o.n.k.i.DiagnosticsManager]  [classpath + loader.0] file:/home/quelopes/DB-Buriti/HPV-neo4j/neo4j/bin/*.jar
2017-11-15 22:08:43.948+0000 INFO  [o.n.k.i.DiagnosticsManager]  [classpath + loader.0] file:/home/quelopes/DB-Buriti/HPV-neo4j/neo4j/lib/jline-2.12.jar
2017-11-15 22:08:43.948+0000 INFO  [o.n.k.i.DiagnosticsManager]  [loader.1] file:/usr/lib/jvm/java-1.8.0-openjdk-1.8.0.151-1.b12.el7_4.x86_64/jre/lib/ext/zipfs.jar
2017-11-15 22:08:43.948+0000 INFO  [o.n.k.i.DiagnosticsManager]  [bootstrap] /usr/lib/jvm/java-1.8.0-openjdk-1.8.0.151-1.b12.el7_4.x86_64/jre/lib/resources.jar
2017-11-15 22:08:43.948+0000 INFO  [o.n.k.i.DiagnosticsManager]  [classpath + loader.0] file:/home/quelopes/DB-Buriti/HPV-neo4j/neo4j/lib/neo4j-cypher-compiler-1.9_2.11-2.0.5.jar
2017-11-15 22:08:43.948+0000 INFO  [o.n.k.i.DiagnosticsManager]  [classpath + loader.0] file:/home/quelopes/DB-Buriti/HPV-neo4j/neo4j/lib/neo4j-graph-matching-2.3.4.jar
2017-11-15 22:08:43.949+0000 INFO  [o.n.k.i.DiagnosticsManager]  [classpath + loader.0] file:/home/quelopes/DB-Buriti/HPV-neo4j/neo4j/lib/neo4j-import-tool-2.3.4.jar
2017-11-15 22:08:43.949+0000 INFO  [o.n.k.i.DiagnosticsManager]  [classpath + loader.0] file:/home/quelopes/DB-Buriti/HPV-neo4j/neo4j/lib/neo4j-unsafe-2.3.4.jar
2017-11-15 22:08:43.949+0000 INFO  [o.n.k.i.DiagnosticsManager]  [classpath + loader.0] file:/home/quelopes/DB-Buriti/HPV-neo4j/neo4j/lib/server-api-2.3.4.jar
2017-11-15 22:08:43.949+0000 INFO  [o.n.k.i.DiagnosticsManager]  [classpath + loader.0] file:/home/quelopes/DB-Buriti/HPV-neo4j/neo4j/bin/
2017-11-15 22:08:43.949+0000 INFO  [o.n.k.i.DiagnosticsManager]  [classpath + loader.0] file:/home/quelopes/DB-Buriti/HPV-neo4j/neo4j/lib/neo4j-csv-2.3.4.jar
2017-11-15 22:08:43.949+0000 INFO  [o.n.k.i.DiagnosticsManager]  [bootstrap] /usr/lib/jvm/java-1.8.0-openjdk-1.8.0.151-1.b12.el7_4.x86_64/jre/lib/jfr.jar
2017-11-15 22:08:43.949+0000 INFO  [o.n.k.i.DiagnosticsManager]  [classpath + loader.0] file:/home/quelopes/DB-Buriti/HPV-neo4j/neo4j/lib/neo4j-cypher-frontend-2.3-2.3.4.jar
2017-11-15 22:08:43.949+0000 INFO  [o.n.k.i.DiagnosticsManager]  [loader.1] file:/usr/lib/jvm/java-1.8.0-openjdk-1.8.0.151-1.b12.el7_4.x86_64/jre/lib/ext/sunpkcs11.jar
2017-11-15 22:08:43.949+0000 INFO  [o.n.k.i.DiagnosticsManager]  [loader.1] file:/usr/lib/jvm/java-1.8.0-openjdk-1.8.0.151-1.b12.el7_4.x86_64/jre/lib/ext/dnsns.jar
2017-11-15 22:08:43.950+0000 INFO  [o.n.k.i.DiagnosticsManager]  [loader.1] file:/usr/lib/jvm/java-1.8.0-openjdk-1.8.0.151-1.b12.el7_4.x86_64/jre/lib/ext/cldrdata.jar
2017-11-15 22:08:43.950+0000 INFO  [o.n.k.i.DiagnosticsManager]  [classpath + loader.0] file:/home/quelopes/DB-Buriti/HPV-neo4j/neo4j/lib/commons-lang3-3.3.2.jar
2017-11-15 22:08:43.950+0000 INFO  [o.n.k.i.DiagnosticsManager] Library path:
2017-11-15 22:08:43.950+0000 INFO  [o.n.k.i.DiagnosticsManager] /home/quelopes/DB-Buriti/HPV-neo4j/neo4j/bin
2017-11-15 22:08:43.950+0000 INFO  [o.n.k.i.DiagnosticsManager] /usr/lib64/mpich-3.2/lib
2017-11-15 22:08:43.950+0000 INFO  [o.n.k.i.DiagnosticsManager] /usr/java/packages/lib/amd64
2017-11-15 22:08:43.951+0000 INFO  [o.n.k.i.DiagnosticsManager] /usr/lib64
2017-11-15 22:08:43.951+0000 INFO  [o.n.k.i.DiagnosticsManager] /usr/lib64
2017-11-15 22:08:43.951+0000 INFO  [o.n.k.i.DiagnosticsManager] /usr/lib
2017-11-15 22:08:43.951+0000 INFO  [o.n.k.i.DiagnosticsManager] /usr/lib
2017-11-15 22:08:43.951+0000 INFO  [o.n.k.i.DiagnosticsManager] System.properties:
2017-11-15 22:08:43.952+0000 INFO  [o.n.k.i.DiagnosticsManager] sun.boot.library.path = /usr/lib/jvm/java-1.8.0-openjdk-1.8.0.151-1.b12.el7_4.x86_64/jre/lib/amd64
2017-11-15 22:08:43.952+0000 INFO  [o.n.k.i.DiagnosticsManager] user.country.format = BR
2017-11-15 22:08:43.952+0000 INFO  [o.n.k.i.DiagnosticsManager] path.separator = :
2017-11-15 22:08:43.952+0000 INFO  [o.n.k.i.DiagnosticsManager] file.encoding.pkg = sun.io
2017-11-15 22:08:43.952+0000 INFO  [o.n.k.i.DiagnosticsManager] user.country = US
2017-11-15 22:08:43.953+0000 INFO  [o.n.k.i.DiagnosticsManager] sun.java.launcher = SUN_STANDARD
2017-11-15 22:08:43.953+0000 INFO  [o.n.k.i.DiagnosticsManager] sun.os.patch.level = unknown
2017-11-15 22:08:43.953+0000 INFO  [o.n.k.i.DiagnosticsManager] user.dir = /home/quelopes/DB-Buriti/HPV-neo4j/neo4j/bin
2017-11-15 22:08:43.953+0000 INFO  [o.n.k.i.DiagnosticsManager] basedir = /home/quelopes/DB-Buriti/HPV-neo4j/neo4j
2017-11-15 22:08:43.953+0000 INFO  [o.n.k.i.DiagnosticsManager] app.name = neo4j-shell
2017-11-15 22:08:43.953+0000 INFO  [o.n.k.i.DiagnosticsManager] sun.jnu.encoding = UTF-8
2017-11-15 22:08:43.953+0000 INFO  [o.n.k.i.DiagnosticsManager] app.repo = /home/quelopes/DB-Buriti/HPV-neo4j/neo4j/lib
2017-11-15 22:08:43.954+0000 INFO  [o.n.k.i.DiagnosticsManager] sun.management.compiler = HotSpot 64-Bit Tiered Compilers
2017-11-15 22:08:43.954+0000 INFO  [o.n.k.i.DiagnosticsManager] user.home = /home/quelopes
2017-11-15 22:08:43.954+0000 INFO  [o.n.k.i.DiagnosticsManager] user.timezone = America/Sao_Paulo
2017-11-15 22:08:43.954+0000 INFO  [o.n.k.i.DiagnosticsManager] file.encoding = UTF-8
2017-11-15 22:08:43.955+0000 INFO  [o.n.k.i.DiagnosticsManager] user.name = quelopes
2017-11-15 22:08:43.955+0000 INFO  [o.n.k.i.DiagnosticsManager] sun.java.command = org.neo4j.shell.StartClient -v --path ../data/hpv.db -file /home/quelopes/Development-Buriti/HNSC-TCGA/dbImport.cql
2017-11-15 22:08:43.955+0000 INFO  [o.n.k.i.DiagnosticsManager] sun.arch.data.model = 64
2017-11-15 22:08:43.955+0000 INFO  [o.n.k.i.DiagnosticsManager] user.language = en
2017-11-15 22:08:43.955+0000 INFO  [o.n.k.i.DiagnosticsManager] user.language.format = pt
2017-11-15 22:08:43.955+0000 INFO  [o.n.k.i.DiagnosticsManager] awt.toolkit = sun.awt.X11.XToolkit
2017-11-15 22:08:43.955+0000 INFO  [o.n.k.i.DiagnosticsManager] file.separator = /
2017-11-15 22:08:43.955+0000 INFO  [o.n.k.i.DiagnosticsManager] sun.io.unicode.encoding = UnicodeLittle
2017-11-15 22:08:43.955+0000 INFO  [o.n.k.i.DiagnosticsManager] sun.cpu.endian = little
2017-11-15 22:08:43.955+0000 INFO  [o.n.k.i.DiagnosticsManager] app.pid = 26576
2017-11-15 22:08:43.956+0000 INFO  [o.n.k.i.DiagnosticsManager] sun.cpu.isalist = 
2017-11-15 22:08:43.956+0000 INFO  [o.n.k.i.DiagnosticsManager] Linux scheduler information:
2017-11-15 22:08:43.957+0000 INFO  [o.n.k.i.DiagnosticsManager] noop [deadline] cfq 
2017-11-15 22:08:43.958+0000 INFO  [o.n.k.i.DiagnosticsManager] noop [deadline] cfq 
2017-11-15 22:08:43.958+0000 INFO  [o.n.k.i.DiagnosticsManager] noop deadline [cfq] 
2017-11-15 22:08:43.958+0000 INFO  [o.n.k.i.DiagnosticsManager] Network information:
2017-11-15 22:08:43.960+0000 INFO  [o.n.k.i.DiagnosticsManager] Interface docker0:
2017-11-15 22:08:43.960+0000 INFO  [o.n.k.i.DiagnosticsManager]     address: 172.17.0.1
2017-11-15 22:08:43.961+0000 INFO  [o.n.k.i.DiagnosticsManager] Interface eno1:
2017-11-15 22:08:43.961+0000 INFO  [o.n.k.i.DiagnosticsManager]     address: fe80:0:0:0:c2bf:aa04:8a33:2227%eno1
2017-11-15 22:08:43.961+0000 INFO  [o.n.k.i.DiagnosticsManager]     address: 146.134.8.135
2017-11-15 22:08:43.961+0000 INFO  [o.n.k.i.DiagnosticsManager] Interface lo:
2017-11-15 22:08:43.961+0000 INFO  [o.n.k.i.DiagnosticsManager]     address: 0:0:0:0:0:0:0:1%lo
2017-11-15 22:08:43.962+0000 INFO  [o.n.k.i.DiagnosticsManager]     address: 127.0.0.1
2017-11-15 22:08:43.962+0000 INFO  [o.n.k.i.DiagnosticsManager] --- INITIALIZED diagnostics END ---
2017-11-15 22:08:44.926+0000 INFO  [o.n.k.a.i.i.LuceneLabelScanStore] No lucene scan store index found, this might just be first use. Preparing to rebuild.
2017-11-15 22:08:45.025+0000 INFO  [o.n.k.NeoStoreDataSource] Opened logical log [/home/quelopes/DB-Buriti/HPV-neo4j/neo4j/bin/../data/hpv.db/neostore.transaction.db.0] version=0, lastTxId=1 (clean)
2017-11-15 22:08:45.032+0000 WARN  [o.n.k.i.s.MetaDataStore] Missing counts store, rebuilding it.
2017-11-15 22:08:45.347+0000 INFO  [o.n.k.a.i.i.LuceneLabelScanStore] Rebuilding lucene scan store, this may take a while
2017-11-15 22:08:45.348+0000 INFO  [o.n.k.a.i.i.LuceneLabelScanStore] Lucene scan store rebuilt (roughly -1 nodes)
2017-11-15 22:08:45.353+0000 INFO  [o.n.k.KernelHealth] Kernel health set to OK
2017-11-15 22:08:45.555+0000 INFO  [o.n.k.AvailabilityGuard] Fulfilling of requirement makes database available: Database available
2017-11-15 22:08:45.555+0000 INFO  [o.n.k.i.f.CommunityFacadeFactory] Database is now ready
2017-11-15 22:08:45.557+0000 INFO  [o.n.k.i.DiagnosticsManager] --- STARTED diagnostics for KernelDiagnostics:Versions START ---
2017-11-15 22:08:45.557+0000 INFO  [o.n.k.i.DiagnosticsManager] Graph Database: Community StoreId{creationTime=1510783724794, randomId=-8910477980287246680, storeVersion=15250506225055238, upgradeTime=1510783724794, upgradeId=1}
2017-11-15 22:08:45.557+0000 INFO  [o.n.k.i.DiagnosticsManager] Kernel version: 2.3.4,f3f7869
2017-11-15 22:08:45.557+0000 INFO  [o.n.k.i.DiagnosticsManager] --- STARTED diagnostics for KernelDiagnostics:Versions END ---
2017-11-15 22:08:45.559+0000 INFO  [o.n.k.i.DiagnosticsManager] --- STARTED diagnostics for NEO_STORE_VERSIONS START ---
2017-11-15 22:08:45.559+0000 INFO  [o.n.k.i.DiagnosticsManager] Store versions:
2017-11-15 22:08:45.559+0000 INFO  [o.n.k.i.DiagnosticsManager] Store versions:
2017-11-15 22:08:45.559+0000 INFO  [o.n.k.i.DiagnosticsManager] ArrayPropertyStore v0.A.6
2017-11-15 22:08:45.559+0000 INFO  [o.n.k.i.DiagnosticsManager] NodeStore v0.A.6
2017-11-15 22:08:45.559+0000 INFO  [o.n.k.i.DiagnosticsManager] StringPropertyStore v0.A.6
2017-11-15 22:08:45.559+0000 INFO  [o.n.k.i.DiagnosticsManager] PropertyIndexStore v0.A.6
2017-11-15 22:08:45.559+0000 INFO  [o.n.k.i.DiagnosticsManager] StringPropertyStore v0.A.6
2017-11-15 22:08:45.559+0000 INFO  [o.n.k.i.DiagnosticsManager] ArrayPropertyStore v0.A.6
2017-11-15 22:08:45.559+0000 INFO  [o.n.k.i.DiagnosticsManager] PropertyStore v0.A.6
2017-11-15 22:08:45.560+0000 INFO  [o.n.k.i.DiagnosticsManager] RelationshipStore v0.A.6
2017-11-15 22:08:45.560+0000 INFO  [o.n.k.i.DiagnosticsManager] StringPropertyStore v0.A.6
2017-11-15 22:08:45.560+0000 INFO  [o.n.k.i.DiagnosticsManager] RelationshipTypeStore v0.A.6
2017-11-15 22:08:45.560+0000 INFO  [o.n.k.i.DiagnosticsManager] StringPropertyStore v0.A.6
2017-11-15 22:08:45.560+0000 INFO  [o.n.k.i.DiagnosticsManager] LabelTokenStore v0.A.6
2017-11-15 22:08:45.560+0000 INFO  [o.n.k.i.DiagnosticsManager] SchemaStore v0.A.6
2017-11-15 22:08:45.560+0000 INFO  [o.n.k.i.DiagnosticsManager] RelationshipGroupStore v0.A.6
2017-11-15 22:08:45.560+0000 INFO  [o.n.k.i.DiagnosticsManager] NeoStore v0.A.6
2017-11-15 22:08:45.560+0000 INFO  [o.n.k.i.DiagnosticsManager] --- STARTED diagnostics for NEO_STORE_VERSIONS END ---
2017-11-15 22:08:45.560+0000 INFO  [o.n.k.i.DiagnosticsManager] --- STARTED diagnostics for NEO_STORE_ID_USAGE START ---
2017-11-15 22:08:45.560+0000 INFO  [o.n.k.i.DiagnosticsManager] Id usage:
2017-11-15 22:08:45.560+0000 INFO  [o.n.k.i.DiagnosticsManager] Id usage:
2017-11-15 22:08:45.561+0000 INFO  [o.n.k.i.DiagnosticsManager]   ArrayPropertyStore v0.A.6: used=1 high=0
2017-11-15 22:08:45.562+0000 INFO  [o.n.k.i.DiagnosticsManager]   NodeStore v0.A.6: used=0 high=-1
2017-11-15 22:08:45.562+0000 INFO  [o.n.k.i.DiagnosticsManager]   StringPropertyStore v0.A.6: used=1 high=0
2017-11-15 22:08:45.562+0000 INFO  [o.n.k.i.DiagnosticsManager]   PropertyIndexStore v0.A.6: used=0 high=-1
2017-11-15 22:08:45.562+0000 INFO  [o.n.k.i.DiagnosticsManager]   StringPropertyStore v0.A.6: used=1 high=0
2017-11-15 22:08:45.562+0000 INFO  [o.n.k.i.DiagnosticsManager]   ArrayPropertyStore v0.A.6: used=1 high=0
2017-11-15 22:08:45.563+0000 INFO  [o.n.k.i.DiagnosticsManager]   PropertyStore v0.A.6: used=0 high=-1
2017-11-15 22:08:45.563+0000 INFO  [o.n.k.i.DiagnosticsManager]   RelationshipStore v0.A.6: used=0 high=-1
2017-11-15 22:08:45.564+0000 INFO  [o.n.k.i.DiagnosticsManager]   StringPropertyStore v0.A.6: used=1 high=0
2017-11-15 22:08:45.564+0000 INFO  [o.n.k.i.DiagnosticsManager]   RelationshipTypeStore v0.A.6: used=0 high=-1
2017-11-15 22:08:45.565+0000 INFO  [o.n.k.i.DiagnosticsManager]   StringPropertyStore v0.A.6: used=1 high=0
2017-11-15 22:08:45.565+0000 INFO  [o.n.k.i.DiagnosticsManager]   LabelTokenStore v0.A.6: used=0 high=-1
2017-11-15 22:08:45.565+0000 INFO  [o.n.k.i.DiagnosticsManager]   SchemaStore v0.A.6: used=1 high=0
2017-11-15 22:08:45.565+0000 INFO  [o.n.k.i.DiagnosticsManager]   RelationshipGroupStore v0.A.6: used=1 high=0
2017-11-15 22:08:45.565+0000 INFO  [o.n.k.i.DiagnosticsManager]   NeoStore v0.A.6: used=13 high=12
2017-11-15 22:08:45.565+0000 INFO  [o.n.k.i.DiagnosticsManager] --- STARTED diagnostics for NEO_STORE_ID_USAGE END ---
2017-11-15 22:08:45.565+0000 INFO  [o.n.k.i.DiagnosticsManager] --- STARTED diagnostics for NEO_STORE_RECORDS START ---
2017-11-15 22:08:45.566+0000 INFO  [o.n.k.i.DiagnosticsManager] Neostore records:
2017-11-15 22:08:45.566+0000 INFO  [o.n.k.i.DiagnosticsManager] TIME (Creation time): 1510783724794
2017-11-15 22:08:45.566+0000 INFO  [o.n.k.i.DiagnosticsManager] RANDOM_NUMBER (Random number for store id): -8910477980287246680
2017-11-15 22:08:45.566+0000 INFO  [o.n.k.i.DiagnosticsManager] LOG_VERSION (Current log version): 0
2017-11-15 22:08:45.567+0000 INFO  [o.n.k.i.DiagnosticsManager] LAST_TRANSACTION_ID (Last committed transaction): 1
2017-11-15 22:08:45.567+0000 INFO  [o.n.k.i.DiagnosticsManager] STORE_VERSION (Store format version): 15250506225055238
2017-11-15 22:08:45.567+0000 INFO  [o.n.k.i.DiagnosticsManager] FIRST_GRAPH_PROPERTY (First property record containing graph properties): -1
2017-11-15 22:08:45.567+0000 INFO  [o.n.k.i.DiagnosticsManager] LAST_CONSTRAINT_TRANSACTION (Last committed transaction containing constraint changes): 0
2017-11-15 22:08:45.567+0000 INFO  [o.n.k.i.DiagnosticsManager] UPGRADE_TRANSACTION_ID (Transaction id most recent upgrade was performed at): 1
2017-11-15 22:08:45.567+0000 INFO  [o.n.k.i.DiagnosticsManager] UPGRADE_TIME (Time of last upgrade): 1510783724794
2017-11-15 22:08:45.567+0000 INFO  [o.n.k.i.DiagnosticsManager] LAST_TRANSACTION_CHECKSUM (Checksum of last committed transaction): 0
2017-11-15 22:08:45.567+0000 INFO  [o.n.k.i.DiagnosticsManager] UPGRADE_TRANSACTION_CHECKSUM (Checksum of transaction id the most recent upgrade was performed at): 0
2017-11-15 22:08:45.567+0000 INFO  [o.n.k.i.DiagnosticsManager] LAST_CLOSED_TRANSACTION_LOG_VERSION (Log version where the last transaction commit entry has been written into): 0
2017-11-15 22:08:45.567+0000 INFO  [o.n.k.i.DiagnosticsManager] LAST_CLOSED_TRANSACTION_LOG_BYTE_OFFSET (Byte offset in the log file where the last transaction commit entry has been written into): 16
2017-11-15 22:08:45.567+0000 INFO  [o.n.k.i.DiagnosticsManager] --- STARTED diagnostics for NEO_STORE_RECORDS END ---
2017-11-15 22:08:45.567+0000 INFO  [o.n.k.i.DiagnosticsManager] --- STARTED diagnostics for TRANSACTION_RANGE START ---
2017-11-15 22:08:45.568+0000 INFO  [o.n.k.i.DiagnosticsManager] Transaction log:
2017-11-15 22:08:45.569+0000 INFO  [o.n.k.i.DiagnosticsManager] No transactions found in any log
2017-11-15 22:08:45.569+0000 INFO  [o.n.k.i.DiagnosticsManager] --- STARTED diagnostics for TRANSACTION_RANGE END ---
2017-11-15 22:08:45.569+0000 INFO  [o.n.k.i.DiagnosticsManager] --- STARTED diagnostics for KernelDiagnostics:StoreFiles START ---
2017-11-15 22:08:45.570+0000 INFO  [o.n.k.i.DiagnosticsManager] Disk space on partition (Total / Free / Free %): 2999045849088 / 818571354112 / 27
Storage files: (filename : modification date - size)
2017-11-15 22:08:45.571+0000 INFO  [o.n.k.i.DiagnosticsManager]   index:
2017-11-15 22:08:45.572+0000 INFO  [o.n.k.i.DiagnosticsManager]   - Total: 2017-11-15T20:08:44-0200 - 0,00 B
2017-11-15 22:08:45.572+0000 INFO  [o.n.k.i.DiagnosticsManager]   messages.log: 2017-11-15T20:08:45-0200 - 26,33 kB
2017-11-15 22:08:45.572+0000 INFO  [o.n.k.i.DiagnosticsManager]   neostore: 2017-11-15T20:08:44-0200 - 8,00 kB
2017-11-15 22:08:45.573+0000 INFO  [o.n.k.i.DiagnosticsManager]   neostore.counts.db.a: 2017-11-15T20:08:45-0200 - 96,00 B
2017-11-15 22:08:45.573+0000 INFO  [o.n.k.i.DiagnosticsManager]   neostore.id: 2017-11-15T20:08:44-0200 - 9,00 B
2017-11-15 22:08:45.573+0000 INFO  [o.n.k.i.DiagnosticsManager]   neostore.labeltokenstore.db: 2017-11-15T20:08:44-0200 - 0,00 B
2017-11-15 22:08:45.574+0000 INFO  [o.n.k.i.DiagnosticsManager]   neostore.labeltokenstore.db.id: 2017-11-15T20:08:44-0200 - 9,00 B
2017-11-15 22:08:45.574+0000 INFO  [o.n.k.i.DiagnosticsManager]   neostore.labeltokenstore.db.names: 2017-11-15T20:08:44-0200 - 8,00 kB
2017-11-15 22:08:45.575+0000 INFO  [o.n.k.i.DiagnosticsManager]   neostore.labeltokenstore.db.names.id: 2017-11-15T20:08:44-0200 - 9,00 B
2017-11-15 22:08:45.575+0000 INFO  [o.n.k.i.DiagnosticsManager]   neostore.nodestore.db: 2017-11-15T20:08:44-0200 - 0,00 B
2017-11-15 22:08:45.575+0000 INFO  [o.n.k.i.DiagnosticsManager]   neostore.nodestore.db.id: 2017-11-15T20:08:44-0200 - 9,00 B
2017-11-15 22:08:45.576+0000 INFO  [o.n.k.i.DiagnosticsManager]   neostore.nodestore.db.labels: 2017-11-15T20:08:44-0200 - 8,00 kB
2017-11-15 22:08:45.576+0000 INFO  [o.n.k.i.DiagnosticsManager]   neostore.nodestore.db.labels.id: 2017-11-15T20:08:44-0200 - 9,00 B
2017-11-15 22:08:45.576+0000 INFO  [o.n.k.i.DiagnosticsManager]   neostore.propertystore.db: 2017-11-15T20:08:44-0200 - 0,00 B
2017-11-15 22:08:45.577+0000 INFO  [o.n.k.i.DiagnosticsManager]   neostore.propertystore.db.arrays: 2017-11-15T20:08:44-0200 - 8,00 kB
2017-11-15 22:08:45.578+0000 INFO  [o.n.k.i.DiagnosticsManager]   neostore.propertystore.db.arrays.id: 2017-11-15T20:08:44-0200 - 9,00 B
2017-11-15 22:08:45.578+0000 INFO  [o.n.k.i.DiagnosticsManager]   neostore.propertystore.db.id: 2017-11-15T20:08:44-0200 - 9,00 B
2017-11-15 22:08:45.578+0000 INFO  [o.n.k.i.DiagnosticsManager]   neostore.propertystore.db.index: 2017-11-15T20:08:44-0200 - 0,00 B
2017-11-15 22:08:45.579+0000 INFO  [o.n.k.i.DiagnosticsManager]   neostore.propertystore.db.index.id: 2017-11-15T20:08:44-0200 - 9,00 B
2017-11-15 22:08:45.579+0000 INFO  [o.n.k.i.DiagnosticsManager]   neostore.propertystore.db.index.keys: 2017-11-15T20:08:44-0200 - 8,00 kB
2017-11-15 22:08:45.579+0000 INFO  [o.n.k.i.DiagnosticsManager]   neostore.propertystore.db.index.keys.id: 2017-11-15T20:08:44-0200 - 9,00 B
2017-11-15 22:08:45.579+0000 INFO  [o.n.k.i.DiagnosticsManager]   neostore.propertystore.db.strings: 2017-11-15T20:08:44-0200 - 8,00 kB
2017-11-15 22:08:45.580+0000 INFO  [o.n.k.i.DiagnosticsManager]   neostore.propertystore.db.strings.id: 2017-11-15T20:08:44-0200 - 9,00 B
2017-11-15 22:08:45.580+0000 INFO  [o.n.k.i.DiagnosticsManager]   neostore.relationshipgroupstore.db: 2017-11-15T20:08:44-0200 - 8,00 kB
2017-11-15 22:08:45.580+0000 INFO  [o.n.k.i.DiagnosticsManager]   neostore.relationshipgroupstore.db.id: 2017-11-15T20:08:44-0200 - 9,00 B
2017-11-15 22:08:45.581+0000 INFO  [o.n.k.i.DiagnosticsManager]   neostore.relationshipstore.db: 2017-11-15T20:08:44-0200 - 0,00 B
2017-11-15 22:08:45.581+0000 INFO  [o.n.k.i.DiagnosticsManager]   neostore.relationshipstore.db.id: 2017-11-15T20:08:44-0200 - 9,00 B
2017-11-15 22:08:45.581+0000 INFO  [o.n.k.i.DiagnosticsManager]   neostore.relationshiptypestore.db: 2017-11-15T20:08:44-0200 - 0,00 B
2017-11-15 22:08:45.582+0000 INFO  [o.n.k.i.DiagnosticsManager]   neostore.relationshiptypestore.db.id: 2017-11-15T20:08:44-0200 - 9,00 B
2017-11-15 22:08:45.582+0000 INFO  [o.n.k.i.DiagnosticsManager]   neostore.relationshiptypestore.db.names: 2017-11-15T20:08:44-0200 - 8,00 kB
2017-11-15 22:08:45.582+0000 INFO  [o.n.k.i.DiagnosticsManager]   neostore.relationshiptypestore.db.names.id: 2017-11-15T20:08:44-0200 - 9,00 B
2017-11-15 22:08:45.583+0000 INFO  [o.n.k.i.DiagnosticsManager]   neostore.schemastore.db: 2017-11-15T20:08:44-0200 - 8,00 kB
2017-11-15 22:08:45.583+0000 INFO  [o.n.k.i.DiagnosticsManager]   neostore.schemastore.db.id: 2017-11-15T20:08:44-0200 - 9,00 B
2017-11-15 22:08:45.583+0000 INFO  [o.n.k.i.DiagnosticsManager]   neostore.transaction.db.0: 2017-11-15T20:08:45-0200 - 16,00 B
2017-11-15 22:08:45.583+0000 INFO  [o.n.k.i.DiagnosticsManager]   schema:
2017-11-15 22:08:45.583+0000 INFO  [o.n.k.i.DiagnosticsManager]     label:
2017-11-15 22:08:45.584+0000 INFO  [o.n.k.i.DiagnosticsManager]       lucene:
2017-11-15 22:08:45.584+0000 INFO  [o.n.k.i.DiagnosticsManager]         write.lock: 2017-11-15T20:08:44-0200 - 0,00 B
2017-11-15 22:08:45.584+0000 INFO  [o.n.k.i.DiagnosticsManager]       - Total: 2017-11-15T20:08:44-0200 - 0,00 B
2017-11-15 22:08:45.584+0000 INFO  [o.n.k.i.DiagnosticsManager]     - Total: 2017-11-15T20:08:44-0200 - 0,00 B
2017-11-15 22:08:45.585+0000 INFO  [o.n.k.i.DiagnosticsManager]   - Total: 2017-11-15T20:08:44-0200 - 0,00 B
2017-11-15 22:08:45.585+0000 INFO  [o.n.k.i.DiagnosticsManager]   store_lock: 2017-11-15T20:08:44-0200 - 0,00 B
2017-11-15 22:08:45.585+0000 INFO  [o.n.k.i.DiagnosticsManager] --- STARTED diagnostics for KernelDiagnostics:StoreFiles END ---
2017-11-15 22:08:47.589+0000 WARN  [o.n.k.i.c.MonitorGc] GC Monitor: Application threads blocked for 1631ms.
2017-11-15 22:08:48.584+0000 INFO  [o.n.k.i.a.i.IndexPopulationJob] Index population started: [:GENE(symbol) [provider: {key=lucene, version=1.0}]]
2017-11-15 22:08:48.607+0000 INFO  [o.n.k.i.a.KernelSchemaStateStore] Schema state store has been cleared.
2017-11-15 22:08:48.620+0000 INFO  [o.n.k.i.a.i.IndexPopulationJob] Index population completed. Index is now online: [:GENE(symbol) [provider: {key=lucene, version=1.0}]]
2017-11-15 22:08:48.642+0000 INFO  [o.n.k.i.a.KernelSchemaStateStore] Schema state store has been cleared.
2017-11-15 22:08:48.671+0000 INFO  [o.n.k.i.a.i.IndexPopulationJob] Index population started: [:MODULE(color) [provider: {key=lucene, version=1.0}]]
2017-11-15 22:08:48.679+0000 INFO  [o.n.k.i.a.KernelSchemaStateStore] Schema state store has been cleared.
2017-11-15 22:08:48.681+0000 INFO  [o.n.k.i.a.i.IndexPopulationJob] Index population completed. Index is now online: [:MODULE(color) [provider: {key=lucene, version=1.0}]]
2017-11-15 22:08:48.683+0000 INFO  [o.n.k.i.a.KernelSchemaStateStore] Schema state store has been cleared.
2017-11-15 22:08:51.930+0000 WARN  [o.n.k.i.c.MonitorGc] GC Monitor: Application threads blocked for 933ms.
2017-11-15 22:08:55.059+0000 INFO  [o.n.k.i.f.GraphDatabaseFacade] Shutdown started
2017-11-15 22:08:55.060+0000 INFO  [o.n.k.i.f.CommunityFacadeFactory] Database is now unavailable
2017-11-15 22:08:55.092+0000 INFO  [o.n.k.i.s.c.CountsTracker] About to rotate counts store at transaction 54 to [/home/quelopes/DB-Buriti/HPV-neo4j/neo4j/bin/../data/hpv.db/neostore.counts.db.b], from [/home/quelopes/DB-Buriti/HPV-neo4j/neo4j/bin/../data/hpv.db/neostore.counts.db.a].
2017-11-15 22:08:55.096+0000 INFO  [o.n.k.i.s.c.CountsTracker] Successfully rotated counts store at transaction 54 to [/home/quelopes/DB-Buriti/HPV-neo4j/neo4j/bin/../data/hpv.db/neostore.counts.db.b], from [/home/quelopes/DB-Buriti/HPV-neo4j/neo4j/bin/../data/hpv.db/neostore.counts.db.a].
2017-11-15 22:08:55.109+0000 INFO  [o.n.k.i.t.l.c.CheckPointerImpl] Check Pointing triggered by database shutdown [54]:  Starting check pointing...
2017-11-15 22:08:55.109+0000 INFO  [o.n.k.i.t.l.c.CheckPointerImpl] Check Pointing triggered by database shutdown [54]:  Starting store flush...
2017-11-15 22:08:55.112+0000 INFO  [o.n.k.i.t.l.c.CheckPointerImpl] Check Pointing triggered by database shutdown [54]:  Store flush completed
2017-11-15 22:08:55.112+0000 INFO  [o.n.k.i.t.l.c.CheckPointerImpl] Check Pointing triggered by database shutdown [54]:  Starting appending check point entry into the tx log...
2017-11-15 22:08:55.113+0000 INFO  [o.n.k.i.t.l.c.CheckPointerImpl] Check Pointing triggered by database shutdown [54]:  Appending check point entry into the tx log completed
2017-11-15 22:08:55.113+0000 INFO  [o.n.k.i.t.l.c.CheckPointerImpl] Check Pointing triggered by database shutdown [54]:  Check pointing completed
2017-11-15 22:08:55.113+0000 INFO  [o.n.k.i.t.l.p.LogPruningImpl] Log Rotation [0]:  Starting log pruning.
2017-11-15 22:08:55.113+0000 INFO  [o.n.k.i.t.l.p.LogPruningImpl] Log Rotation [0]:  Log pruning complete.
2017-11-15 22:08:55.126+0000 INFO  [o.n.k.NeoStoreDataSource] NeoStores closed
2017-11-15 22:08:55.127+0000 INFO  [o.n.k.i.DiagnosticsManager] --- STOPPING diagnostics START ---
2017-11-15 22:08:55.127+0000 INFO  [o.n.k.i.DiagnosticsManager] --- STOPPING diagnostics END ---
2017-11-15 22:09:13.005+0000 INFO  [o.n.k.i.f.CommunityFacadeFactory] No locking implementation specified, defaulting to 'community'
2017-11-15 22:09:13.088+0000 INFO  [o.n.k.AvailabilityGuard] Requirement makes database unavailable: Database available
2017-11-15 22:09:13.096+0000 INFO  [o.n.k.i.DiagnosticsManager] --- INITIALIZED diagnostics START ---
2017-11-15 22:09:13.096+0000 INFO  [o.n.k.i.DiagnosticsManager] Neo4j Kernel properties:
2017-11-15 22:09:13.100+0000 INFO  [o.n.k.i.DiagnosticsManager] dbms.security.auth_enabled=true
2017-11-15 22:09:13.100+0000 INFO  [o.n.k.i.DiagnosticsManager] edition=Community
2017-11-15 22:09:13.100+0000 INFO  [o.n.k.i.DiagnosticsManager] org.neo4j.server.http.log.enabled=false
2017-11-15 22:09:13.101+0000 INFO  [o.n.k.i.DiagnosticsManager] org.neo4j.server.webadmin.rrdb.location=data/rrd
2017-11-15 22:09:13.101+0000 INFO  [o.n.k.i.DiagnosticsManager] org.neo4j.server.db.tuning.properties=conf/neo4j.properties
2017-11-15 22:09:13.101+0000 INFO  [o.n.k.i.DiagnosticsManager] dbms.security.tls_certificate_file=conf/ssl/snakeoil.cert
2017-11-15 22:09:13.102+0000 INFO  [o.n.k.i.DiagnosticsManager] org.neo4j.server.webserver.https.keystore.location=data/keystore
2017-11-15 22:09:13.102+0000 INFO  [o.n.k.i.DiagnosticsManager] dbms.querylog.filename=data/log/queries.log
2017-11-15 22:09:13.102+0000 INFO  [o.n.k.i.DiagnosticsManager] dbms.security.tls_key_file=conf/ssl/snakeoil.key
2017-11-15 22:09:13.103+0000 INFO  [o.n.k.i.DiagnosticsManager] org.neo4j.server.webserver.address=146.134.8.135
2017-11-15 22:09:13.103+0000 INFO  [o.n.k.i.DiagnosticsManager] org.neo4j.server.database.location=data/hpv.db
2017-11-15 22:09:13.103+0000 INFO  [o.n.k.i.DiagnosticsManager] remote_shell_enabled=true
2017-11-15 22:09:13.103+0000 INFO  [o.n.k.i.DiagnosticsManager] org.neo4j.server.webserver.https.port=7473
2017-11-15 22:09:13.104+0000 INFO  [o.n.k.i.DiagnosticsManager] org.neo4j.server.webserver.port=7474
2017-11-15 22:09:13.104+0000 INFO  [o.n.k.i.DiagnosticsManager] org.neo4j.server.webserver.https.enabled=true
2017-11-15 22:09:13.105+0000 INFO  [o.n.k.i.DiagnosticsManager] org.neo4j.server.http.log.config=conf/neo4j-http-logging.xml
2017-11-15 22:09:13.105+0000 INFO  [o.n.k.i.DiagnosticsManager] Diagnostics providers:
2017-11-15 22:09:13.105+0000 INFO  [o.n.k.i.DiagnosticsManager] org.neo4j.kernel.configuration.Config
2017-11-15 22:09:13.105+0000 INFO  [o.n.k.i.DiagnosticsManager] org.neo4j.kernel.info.DiagnosticsManager
2017-11-15 22:09:13.105+0000 INFO  [o.n.k.i.DiagnosticsManager] SYSTEM_MEMORY
2017-11-15 22:09:13.106+0000 INFO  [o.n.k.i.DiagnosticsManager] JAVA_MEMORY
2017-11-15 22:09:13.106+0000 INFO  [o.n.k.i.DiagnosticsManager] OPERATING_SYSTEM
2017-11-15 22:09:13.106+0000 INFO  [o.n.k.i.DiagnosticsManager] JAVA_VIRTUAL_MACHINE
2017-11-15 22:09:13.106+0000 INFO  [o.n.k.i.DiagnosticsManager] CLASSPATH
2017-11-15 22:09:13.107+0000 INFO  [o.n.k.i.DiagnosticsManager] LIBRARY_PATH
2017-11-15 22:09:13.107+0000 INFO  [o.n.k.i.DiagnosticsManager] SYSTEM_PROPERTIES
2017-11-15 22:09:13.107+0000 INFO  [o.n.k.i.DiagnosticsManager] LINUX_SCHEDULERS
2017-11-15 22:09:13.107+0000 INFO  [o.n.k.i.DiagnosticsManager] NETWORK
2017-11-15 22:09:13.108+0000 INFO  [o.n.k.i.DiagnosticsManager] System memory information:
2017-11-15 22:09:13.111+0000 INFO  [o.n.k.i.DiagnosticsManager] Total Physical memory: 70,58 GB
2017-11-15 22:09:13.111+0000 INFO  [o.n.k.i.DiagnosticsManager] Free Physical memory: 4,88 GB
2017-11-15 22:09:13.112+0000 INFO  [o.n.k.i.DiagnosticsManager] Committed virtual memory: 23,92 GB
2017-11-15 22:09:13.112+0000 INFO  [o.n.k.i.DiagnosticsManager] Total swap space: 13,88 GB
2017-11-15 22:09:13.112+0000 INFO  [o.n.k.i.DiagnosticsManager] Free swap space: 13,88 GB
2017-11-15 22:09:13.113+0000 INFO  [o.n.k.i.DiagnosticsManager] JVM memory information:
2017-11-15 22:09:13.113+0000 INFO  [o.n.k.i.DiagnosticsManager] Free  memory: 1,93 GB
2017-11-15 22:09:13.113+0000 INFO  [o.n.k.i.DiagnosticsManager] Total memory: 2,21 GB
2017-11-15 22:09:13.114+0000 INFO  [o.n.k.i.DiagnosticsManager] Max   memory: 17,65 GB
2017-11-15 22:09:13.116+0000 INFO  [o.n.k.i.DiagnosticsManager] Garbage Collector: G1 Young Generation: [G1 Eden Space, G1 Survivor Space]
2017-11-15 22:09:13.116+0000 INFO  [o.n.k.i.DiagnosticsManager] Garbage Collector: G1 Old Generation: [G1 Eden Space, G1 Survivor Space, G1 Old Gen]
2017-11-15 22:09:13.118+0000 INFO  [o.n.k.i.DiagnosticsManager] Memory Pool: Code Cache (Non-heap memory): committed=5,38 MB, used=5,36 MB, max=240,00 MB, threshold=0,00 B
2017-11-15 22:09:13.119+0000 INFO  [o.n.k.i.DiagnosticsManager] Memory Pool: Metaspace (Non-heap memory): committed=13,25 MB, used=12,87 MB, max=-1,00 B, threshold=0,00 B
2017-11-15 22:09:13.120+0000 INFO  [o.n.k.i.DiagnosticsManager] Memory Pool: Compressed Class Space (Non-heap memory): committed=1,75 MB, used=1,56 MB, max=1,00 GB, threshold=0,00 B
2017-11-15 22:09:13.121+0000 INFO  [o.n.k.i.DiagnosticsManager] Memory Pool: G1 Eden Space (Heap memory): committed=112,00 MB, used=68,00 MB, max=-1,00 B, threshold=?
2017-11-15 22:09:13.122+0000 INFO  [o.n.k.i.DiagnosticsManager] Memory Pool: G1 Survivor Space (Heap memory): committed=8,00 MB, used=8,00 MB, max=-1,00 B, threshold=?
2017-11-15 22:09:13.122+0000 INFO  [o.n.k.i.DiagnosticsManager] Memory Pool: G1 Old Gen (Heap memory): committed=2,09 GB, used=211,23 MB, max=17,65 GB, threshold=0,00 B
2017-11-15 22:09:13.123+0000 INFO  [o.n.k.i.DiagnosticsManager] Operating system information:
2017-11-15 22:09:13.123+0000 INFO  [o.n.k.i.DiagnosticsManager] Operating System: Linux; version: 3.10.0-693.5.2.el7.x86_64; arch: amd64; cpus: 24
2017-11-15 22:09:13.124+0000 INFO  [o.n.k.i.DiagnosticsManager] Max number of file descriptors: 4,00 kB
2017-11-15 22:09:13.124+0000 INFO  [o.n.k.i.DiagnosticsManager] Number of open file descriptors: 87,00 B
2017-11-15 22:09:13.131+0000 INFO  [o.n.k.i.DiagnosticsManager] Process id: 27012@buriti.lncc.br
2017-11-15 22:09:13.131+0000 INFO  [o.n.k.i.DiagnosticsManager] Byte order: LITTLE_ENDIAN
2017-11-15 22:09:13.131+0000 INFO  [o.n.k.i.DiagnosticsManager] Local timezone: America/Sao_Paulo
2017-11-15 22:09:13.131+0000 INFO  [o.n.k.i.DiagnosticsManager] JVM information:
2017-11-15 22:09:13.131+0000 INFO  [o.n.k.i.DiagnosticsManager] VM Name: OpenJDK 64-Bit Server VM
2017-11-15 22:09:13.131+0000 INFO  [o.n.k.i.DiagnosticsManager] VM Vendor: Oracle Corporation
2017-11-15 22:09:13.131+0000 INFO  [o.n.k.i.DiagnosticsManager] VM Version: 25.151-b12
2017-11-15 22:09:13.132+0000 INFO  [o.n.k.i.DiagnosticsManager] JIT compiler: HotSpot 64-Bit Tiered Compilers
2017-11-15 22:09:13.132+0000 INFO  [o.n.k.i.DiagnosticsManager] VM Arguments: [-XX:+DisableExplicitGC, -Dorg.neo4j.server.properties=conf/neo4j-server.properties, -Dlog4j.configuration=file:conf/log4j.properties, -XX:+UseG1GC, -XX:-OmitStackTraceInFastThrow, -XX:hashCode=5, -Dneo4j.ext.udc.source=tarball, -Dneo4j.home=/home/quelopes/DB-Buriti/HPV-neo4j/neo4j, -Dneo4j.instance=/home/quelopes/DB-Buriti/HPV-neo4j/neo4j, -Dfile.encoding=UTF-8]
2017-11-15 22:09:13.132+0000 INFO  [o.n.k.i.DiagnosticsManager] Java classpath:
2017-11-15 22:09:13.136+0000 INFO  [o.n.k.i.DiagnosticsManager]  [classpath + loader.0] file:/home/quelopes/DB-Buriti/HPV-neo4j/neo4j/system/lib/jetty-servlet-9.2.9.v20150224.jar
2017-11-15 22:09:13.137+0000 INFO  [o.n.k.i.DiagnosticsManager]  [classpath + loader.0] file:/home/quelopes/DB-Buriti/HPV-neo4j/neo4j/lib/neo4j-consistency-check-legacy-2.3.4.jar
2017-11-15 22:09:13.137+0000 INFO  [o.n.k.i.DiagnosticsManager]  [classpath + loader.0] file:/home/quelopes/DB-Buriti/HPV-neo4j/neo4j/system/lib/logback-access-1.1.2.jar
2017-11-15 22:09:13.137+0000 INFO  [o.n.k.i.DiagnosticsManager]  [classpath + loader.0] file:/home/quelopes/DB-Buriti/HPV-neo4j/neo4j/system/lib/jackson-core-asl-1.9.13.jar
2017-11-15 22:09:13.137+0000 INFO  [o.n.k.i.DiagnosticsManager]  [classpath + loader.0] file:/home/quelopes/DB-Buriti/HPV-neo4j/neo4j/system/lib/netty-all-4.0.28.Final.jar
2017-11-15 22:09:13.137+0000 INFO  [o.n.k.i.DiagnosticsManager]  [classpath + loader.0] file:/home/quelopes/DB-Buriti/HPV-neo4j/neo4j/lib/neo4j-udc-2.3.4.jar
2017-11-15 22:09:13.137+0000 INFO  [o.n.k.i.DiagnosticsManager]  [classpath + loader.0] file:/home/quelopes/DB-Buriti/HPV-neo4j/neo4j/system/lib/jersey-multipart-1.19.jar
2017-11-15 22:09:13.137+0000 INFO  [o.n.k.i.DiagnosticsManager]  [classpath + loader.0] file:/home/quelopes/DB-Buriti/HPV-neo4j/neo4j/system/lib/mimepull-1.9.3.jar
2017-11-15 22:09:13.137+0000 INFO  [o.n.k.i.DiagnosticsManager]  [classpath + loader.0] file:/home/quelopes/DB-Buriti/HPV-neo4j/neo4j/lib/neo4j-kernel-2.3.4.jar
2017-11-15 22:09:13.137+0000 INFO  [o.n.k.i.DiagnosticsManager]  [classpath + loader.0] file:/home/quelopes/DB-Buriti/HPV-neo4j/neo4j/lib/scala-library-2.11.7.jar
2017-11-15 22:09:13.138+0000 INFO  [o.n.k.i.DiagnosticsManager]  [bootstrap] /usr/lib/jvm/java-1.8.0-openjdk-1.8.0.151-1.b12.el7_4.x86_64/jre/lib/charsets.jar
2017-11-15 22:09:13.138+0000 INFO  [o.n.k.i.DiagnosticsManager]  [classpath + loader.0] file:/home/quelopes/DB-Buriti/HPV-neo4j/neo4j/lib/neo4j-logging-2.3.4.jar
2017-11-15 22:09:13.138+0000 INFO  [o.n.k.i.DiagnosticsManager]  [loader.1] file:/usr/lib/jvm/java-1.8.0-openjdk-1.8.0.151-1.b12.el7_4.x86_64/jre/lib/ext/jaccess.jar
2017-11-15 22:09:13.138+0000 INFO  [o.n.k.i.DiagnosticsManager]  [classpath + loader.0] file:/home/quelopes/DB-Buriti/HPV-neo4j/neo4j/system/lib/bcpkix-jdk15on-1.52.jar
2017-11-15 22:09:13.138+0000 INFO  [o.n.k.i.DiagnosticsManager]  [classpath + loader.0] file:/home/quelopes/DB-Buriti/HPV-neo4j/neo4j/system/lib/jetty-http-9.2.9.v20150224.jar
2017-11-15 22:09:13.138+0000 INFO  [o.n.k.i.DiagnosticsManager]  [classpath + loader.0] file:/home/quelopes/DB-Buriti/HPV-neo4j/neo4j/lib/opencsv-2.3.jar
2017-11-15 22:09:13.138+0000 INFO  [o.n.k.i.DiagnosticsManager]  [classpath + loader.0] file:/home/quelopes/DB-Buriti/HPV-neo4j/neo4j/system/lib/jetty-server-9.2.9.v20150224.jar
2017-11-15 22:09:13.138+0000 INFO  [o.n.k.i.DiagnosticsManager]  [classpath + loader.0] file:/home/quelopes/DB-Buriti/HPV-neo4j/neo4j/lib/scala-reflect-2.11.7.jar
2017-11-15 22:09:13.138+0000 INFO  [o.n.k.i.DiagnosticsManager]  [classpath + loader.0] file:/home/quelopes/DB-Buriti/HPV-neo4j/neo4j/system/lib/jersey-server-1.19.jar
2017-11-15 22:09:13.138+0000 INFO  [o.n.k.i.DiagnosticsManager]  [classpath + loader.0] file:/home/quelopes/DB-Buriti/HPV-neo4j/neo4j/system/lib/neo4j-server-2.3.4-static-web.jar
2017-11-15 22:09:13.138+0000 INFO  [o.n.k.i.DiagnosticsManager]  [bootstrap] /usr/lib/jvm/java-1.8.0-openjdk-1.8.0.151-1.b12.el7_4.x86_64/jre/lib/rt.jar
2017-11-15 22:09:13.138+0000 INFO  [o.n.k.i.DiagnosticsManager]  [classpath + loader.0] file:/home/quelopes/DB-Buriti/HPV-neo4j/neo4j/lib/neo4j-primitive-collections-2.3.4.jar
2017-11-15 22:09:13.138+0000 INFO  [o.n.k.i.DiagnosticsManager]  [classpath + loader.0] file:/home/quelopes/DB-Buriti/HPV-neo4j/neo4j/lib/neo4j-consistency-check-2.3.4.jar
2017-11-15 22:09:13.138+0000 INFO  [o.n.k.i.DiagnosticsManager]  [classpath + loader.0] file:/home/quelopes/DB-Buriti/HPV-neo4j/neo4j/lib/parboiled-core-1.1.7.jar
2017-11-15 22:09:13.138+0000 INFO  [o.n.k.i.DiagnosticsManager]  [classpath + loader.0] file:/home/quelopes/DB-Buriti/HPV-neo4j/neo4j/system/lib/jetty-util-9.2.9.v20150224.jar
2017-11-15 22:09:13.138+0000 INFO  [o.n.k.i.DiagnosticsManager]  [classpath + loader.0] file:/home/quelopes/DB-Buriti/HPV-neo4j/neo4j/system/lib/jersey-core-1.19.jar
2017-11-15 22:09:13.138+0000 INFO  [o.n.k.i.DiagnosticsManager]  [loader.1] file:/usr/lib/jvm/java-1.8.0-openjdk-1.8.0.151-1.b12.el7_4.x86_64/jre/lib/ext/localedata.jar
2017-11-15 22:09:13.139+0000 INFO  [o.n.k.i.DiagnosticsManager]  [classpath + loader.0] file:/home/quelopes/DB-Buriti/HPV-neo4j/neo4j/system/lib/commons-beanutils-1.8.3.jar
2017-11-15 22:09:13.139+0000 INFO  [o.n.k.i.DiagnosticsManager]  [classpath + loader.0] file:/home/quelopes/DB-Buriti/HPV-neo4j/neo4j/system/lib/jetty-webapp-9.2.9.v20150224.jar
2017-11-15 22:09:13.139+0000 INFO  [o.n.k.i.DiagnosticsManager]  [classpath + loader.0] file:/home/quelopes/DB-Buriti/HPV-neo4j/neo4j/lib/neo4j-lucene-index-2.3.4.jar
2017-11-15 22:09:13.139+0000 INFO  [o.n.k.i.DiagnosticsManager]  [classpath + loader.0] file:/home/quelopes/DB-Buriti/HPV-neo4j/neo4j/system/lib/jetty-xml-9.2.9.v20150224.jar
2017-11-15 22:09:13.139+0000 INFO  [o.n.k.i.DiagnosticsManager]  [classpath + loader.0] file:/home/quelopes/DB-Buriti/HPV-neo4j/neo4j/system/lib/logback-classic-1.1.2.jar
2017-11-15 22:09:13.140+0000 INFO  [o.n.k.i.DiagnosticsManager]  [loader.1] file:/usr/lib/jvm/java-1.8.0-openjdk-1.8.0.151-1.b12.el7_4.x86_64/jre/lib/ext/sunec.jar
2017-11-15 22:09:13.140+0000 INFO  [o.n.k.i.DiagnosticsManager]  [classpath + loader.0] file:/home/quelopes/DB-Buriti/HPV-neo4j/neo4j/system/lib/jersey-servlet-1.19.jar
2017-11-15 22:09:13.140+0000 INFO  [o.n.k.i.DiagnosticsManager]  [classpath + loader.0] file:/home/quelopes/DB-Buriti/HPV-neo4j/neo4j/lib/parboiled-scala_2.11-1.1.7.jar
2017-11-15 22:09:13.140+0000 INFO  [o.n.k.i.DiagnosticsManager]  [classpath + loader.0] file:/home/quelopes/DB-Buriti/HPV-neo4j/neo4j/system/lib/neo4j-server-2.3.4.jar
2017-11-15 22:09:13.140+0000 INFO  [o.n.k.i.DiagnosticsManager]  [loader.1] file:/usr/lib/jvm/java-1.8.0-openjdk-1.8.0.151-1.b12.el7_4.x86_64/jre/lib/ext/sunjce_provider.jar
2017-11-15 22:09:13.140+0000 INFO  [o.n.k.i.DiagnosticsManager]  [classpath + loader.0] file:/home/quelopes/DB-Buriti/HPV-neo4j/neo4j/system/lib/jackson-mapper-asl-1.9.13.jar
2017-11-15 22:09:13.140+0000 INFO  [o.n.k.i.DiagnosticsManager]  [classpath + loader.0] file:/home/quelopes/DB-Buriti/HPV-neo4j/neo4j/lib/concurrentlinkedhashmap-lru-1.4.2.jar
2017-11-15 22:09:13.140+0000 INFO  [o.n.k.i.DiagnosticsManager]  [classpath + loader.0] file:/home/quelopes/DB-Buriti/HPV-neo4j/neo4j/system/lib/slf4j-api-1.7.6.jar
2017-11-15 22:09:13.140+0000 INFO  [o.n.k.i.DiagnosticsManager]  [classpath + loader.0] file:/home/quelopes/DB-Buriti/HPV-neo4j/neo4j/lib/neo4j-cypher-compiler-2.3-2.3.4.jar
2017-11-15 22:09:13.140+0000 INFO  [o.n.k.i.DiagnosticsManager]  [classpath + loader.0] file:/home/quelopes/DB-Buriti/HPV-neo4j/neo4j/lib/neo4j-codegen-2.3.4.jar
2017-11-15 22:09:13.140+0000 INFO  [o.n.k.i.DiagnosticsManager]  [loader.1] file:/usr/lib/jvm/java-1.8.0-openjdk-1.8.0.151-1.b12.el7_4.x86_64/jre/lib/ext/nashorn.jar
2017-11-15 22:09:13.140+0000 INFO  [o.n.k.i.DiagnosticsManager]  [classpath + loader.0] file:/home/quelopes/DB-Buriti/HPV-neo4j/neo4j/lib/neo4j-function-2.3.4.jar
2017-11-15 22:09:13.140+0000 INFO  [o.n.k.i.DiagnosticsManager]  [classpath + loader.0] file:/home/quelopes/DB-Buriti/HPV-neo4j/neo4j/system/lib/jetty-security-9.2.9.v20150224.jar
2017-11-15 22:09:13.141+0000 INFO  [o.n.k.i.DiagnosticsManager]  [classpath + loader.0] file:/home/quelopes/DB-Buriti/HPV-neo4j/neo4j/lib/scala-parser-combinators_2.11-1.0.4.jar
2017-11-15 22:09:13.141+0000 INFO  [o.n.k.i.DiagnosticsManager]  [bootstrap] /usr/lib/jvm/java-1.8.0-openjdk-1.8.0.151-1.b12.el7_4.x86_64/jre/lib/jce.jar
2017-11-15 22:09:13.141+0000 INFO  [o.n.k.i.DiagnosticsManager]  [classpath + loader.0] file:/home/quelopes/DB-Buriti/HPV-neo4j/neo4j/lib/lucene-core-3.6.2.jar
2017-11-15 22:09:13.141+0000 INFO  [o.n.k.i.DiagnosticsManager]  [classpath + loader.0] file:/home/quelopes/DB-Buriti/HPV-neo4j/neo4j/lib/neo4j-shell-2.3.4.jar
2017-11-15 22:09:13.141+0000 INFO  [o.n.k.i.DiagnosticsManager]  [classpath + loader.0] file:/home/quelopes/DB-Buriti/HPV-neo4j/neo4j/system/lib/rhino-1.7R4.jar
2017-11-15 22:09:13.141+0000 INFO  [o.n.k.i.DiagnosticsManager]  [classpath + loader.0] file:/home/quelopes/DB-Buriti/HPV-neo4j/neo4j/system/lib/commons-configuration-1.10.jar
2017-11-15 22:09:13.141+0000 INFO  [o.n.k.i.DiagnosticsManager]  [classpath + loader.0] file:/home/quelopes/DB-Buriti/HPV-neo4j/neo4j/lib/neo4j-graph-algo-2.3.4.jar
2017-11-15 22:09:13.141+0000 INFO  [o.n.k.i.DiagnosticsManager]  [classpath + loader.0] file:/home/quelopes/DB-Buriti/HPV-neo4j/neo4j/system/lib/logback-core-1.1.2.jar
2017-11-15 22:09:13.141+0000 INFO  [o.n.k.i.DiagnosticsManager]  [classpath + loader.0] file:/home/quelopes/DB-Buriti/HPV-neo4j/neo4j/lib/neo4j-io-2.3.4.jar
2017-11-15 22:09:13.141+0000 INFO  [o.n.k.i.DiagnosticsManager]  [bootstrap] /usr/lib/jvm/java-1.8.0-openjdk-1.8.0.151-1.b12.el7_4.x86_64/jre/lib/jsse.jar
2017-11-15 22:09:13.141+0000 INFO  [o.n.k.i.DiagnosticsManager]  [classpath + loader.0] file:/home/quelopes/DB-Buriti/HPV-neo4j/neo4j/lib/neo4j-cypher-compiler-2.2_2.11-2.2.9.jar
2017-11-15 22:09:13.141+0000 INFO  [o.n.k.i.DiagnosticsManager]  [bootstrap] /usr/lib/jvm/java-1.8.0-openjdk-1.8.0.151-1.b12.el7_4.x86_64/jre/lib/sunrsasign.jar
2017-11-15 22:09:13.141+0000 INFO  [o.n.k.i.DiagnosticsManager]  [bootstrap] /usr/lib/jvm/java-1.8.0-openjdk-1.8.0.151-1.b12.el7_4.x86_64/jre/classes
2017-11-15 22:09:13.141+0000 INFO  [o.n.k.i.DiagnosticsManager]  [classpath + loader.0] file:/home/quelopes/DB-Buriti/HPV-neo4j/neo4j/system/lib/jackson-jaxrs-1.9.13.jar
2017-11-15 22:09:13.141+0000 INFO  [o.n.k.i.DiagnosticsManager]  [classpath + loader.0] file:/home/quelopes/DB-Buriti/HPV-neo4j/neo4j/lib/neo4j-jmx-2.3.4.jar
2017-11-15 22:09:13.141+0000 INFO  [o.n.k.i.DiagnosticsManager]  [classpath + loader.0] file:/home/quelopes/DB-Buriti/HPV-neo4j/neo4j/lib/neo4j-cypher-2.3.4.jar
2017-11-15 22:09:13.141+0000 INFO  [o.n.k.i.DiagnosticsManager]  [classpath + loader.0] file:/home/quelopes/DB-Buriti/HPV-neo4j/neo4j/system/lib/jsr311-api-1.1.2.r612.jar
2017-11-15 22:09:13.141+0000 INFO  [o.n.k.i.DiagnosticsManager]  [classpath + loader.0] file:/home/quelopes/DB-Buriti/HPV-neo4j/neo4j/lib/jline-2.12.jar
2017-11-15 22:09:13.142+0000 INFO  [o.n.k.i.DiagnosticsManager]  [classpath + loader.0] file:/home/quelopes/DB-Buriti/HPV-neo4j/neo4j/system/lib/jetty-io-9.2.9.v20150224.jar
2017-11-15 22:09:13.142+0000 INFO  [o.n.k.i.DiagnosticsManager]  [loader.1] file:/usr/lib/jvm/java-1.8.0-openjdk-1.8.0.151-1.b12.el7_4.x86_64/jre/lib/ext/zipfs.jar
2017-11-15 22:09:13.142+0000 INFO  [o.n.k.i.DiagnosticsManager]  [bootstrap] /usr/lib/jvm/java-1.8.0-openjdk-1.8.0.151-1.b12.el7_4.x86_64/jre/lib/resources.jar
2017-11-15 22:09:13.142+0000 INFO  [o.n.k.i.DiagnosticsManager]  [classpath + loader.0] file:/home/quelopes/DB-Buriti/HPV-neo4j/neo4j/lib/neo4j-cypher-compiler-1.9_2.11-2.0.5.jar
2017-11-15 22:09:13.142+0000 INFO  [o.n.k.i.DiagnosticsManager]  [classpath + loader.0] file:/home/quelopes/DB-Buriti/HPV-neo4j/neo4j/conf/
2017-11-15 22:09:13.142+0000 INFO  [o.n.k.i.DiagnosticsManager]  [classpath + loader.0] file:/home/quelopes/DB-Buriti/HPV-neo4j/neo4j/lib/neo4j-graph-matching-2.3.4.jar
2017-11-15 22:09:13.142+0000 INFO  [o.n.k.i.DiagnosticsManager]  [classpath + loader.0] file:/home/quelopes/DB-Buriti/HPV-neo4j/neo4j/lib/neo4j-import-tool-2.3.4.jar
2017-11-15 22:09:13.142+0000 INFO  [o.n.k.i.DiagnosticsManager]  [classpath + loader.0] file:/home/quelopes/DB-Buriti/HPV-neo4j/neo4j/lib/neo4j-unsafe-2.3.4.jar
2017-11-15 22:09:13.142+0000 INFO  [o.n.k.i.DiagnosticsManager]  [classpath + loader.0] file:/home/quelopes/DB-Buriti/HPV-neo4j/neo4j/lib/server-api-2.3.4.jar
2017-11-15 22:09:13.142+0000 INFO  [o.n.k.i.DiagnosticsManager]  [classpath + loader.0] file:/home/quelopes/DB-Buriti/HPV-neo4j/neo4j/system/lib/rrd4j-2.2.jar
2017-11-15 22:09:13.142+0000 INFO  [o.n.k.i.DiagnosticsManager]  [classpath + loader.0] file:/home/quelopes/DB-Buriti/HPV-neo4j/neo4j/system/lib/commons-lang-2.6.jar
2017-11-15 22:09:13.142+0000 INFO  [o.n.k.i.DiagnosticsManager]  [classpath + loader.0] file:/home/quelopes/DB-Buriti/HPV-neo4j/neo4j/lib/neo4j-csv-2.3.4.jar
2017-11-15 22:09:13.142+0000 INFO  [o.n.k.i.DiagnosticsManager]  [classpath + loader.0] file:/home/quelopes/DB-Buriti/HPV-neo4j/neo4j/system/lib/asm-5.0.2.jar
2017-11-15 22:09:13.142+0000 INFO  [o.n.k.i.DiagnosticsManager]  [classpath + loader.0] file:/home/quelopes/DB-Buriti/HPV-neo4j/neo4j/system/lib/neo4j-browser-2.3.4.jar
2017-11-15 22:09:13.142+0000 INFO  [o.n.k.i.DiagnosticsManager]  [classpath + loader.0] file:/home/quelopes/DB-Buriti/HPV-neo4j/neo4j/system/lib/commons-digester-2.1.jar
2017-11-15 22:09:13.142+0000 INFO  [o.n.k.i.DiagnosticsManager]  [bootstrap] /usr/lib/jvm/java-1.8.0-openjdk-1.8.0.151-1.b12.el7_4.x86_64/jre/lib/jfr.jar
2017-11-15 22:09:13.142+0000 INFO  [o.n.k.i.DiagnosticsManager]  [classpath + loader.0] file:/home/quelopes/DB-Buriti/HPV-neo4j/neo4j/system/lib/javax.servlet-api-3.1.0.jar
2017-11-15 22:09:13.142+0000 INFO  [o.n.k.i.DiagnosticsManager]  [classpath + loader.0] file:/home/quelopes/DB-Buriti/HPV-neo4j/neo4j/lib/neo4j-cypher-frontend-2.3-2.3.4.jar
2017-11-15 22:09:13.142+0000 INFO  [o.n.k.i.DiagnosticsManager]  [loader.1] file:/usr/lib/jvm/java-1.8.0-openjdk-1.8.0.151-1.b12.el7_4.x86_64/jre/lib/ext/sunpkcs11.jar
2017-11-15 22:09:13.143+0000 INFO  [o.n.k.i.DiagnosticsManager]  [loader.1] file:/usr/lib/jvm/java-1.8.0-openjdk-1.8.0.151-1.b12.el7_4.x86_64/jre/lib/ext/dnsns.jar
2017-11-15 22:09:13.143+0000 INFO  [o.n.k.i.DiagnosticsManager]  [loader.1] file:/usr/lib/jvm/java-1.8.0-openjdk-1.8.0.151-1.b12.el7_4.x86_64/jre/lib/ext/cldrdata.jar
2017-11-15 22:09:13.143+0000 INFO  [o.n.k.i.DiagnosticsManager]  [classpath + loader.0] file:/home/quelopes/DB-Buriti/HPV-neo4j/neo4j/lib/commons-lang3-3.3.2.jar
2017-11-15 22:09:13.143+0000 INFO  [o.n.k.i.DiagnosticsManager]  [classpath + loader.0] file:/home/quelopes/DB-Buriti/HPV-neo4j/neo4j/system/lib/commons-io-2.4.jar
2017-11-15 22:09:13.143+0000 INFO  [o.n.k.i.DiagnosticsManager]  [classpath + loader.0] file:/home/quelopes/DB-Buriti/HPV-neo4j/neo4j/system/lib/commons-logging-1.1.1.jar
2017-11-15 22:09:13.143+0000 INFO  [o.n.k.i.DiagnosticsManager]  [classpath + loader.0] file:/home/quelopes/DB-Buriti/HPV-neo4j/neo4j/system/lib/bcprov-jdk15on-1.52.jar
2017-11-15 22:09:13.143+0000 INFO  [o.n.k.i.DiagnosticsManager] Library path:
2017-11-15 22:09:13.143+0000 INFO  [o.n.k.i.DiagnosticsManager] /home/quelopes/DB-Buriti/HPV-neo4j/neo4j
2017-11-15 22:09:13.143+0000 INFO  [o.n.k.i.DiagnosticsManager] /usr/lib64/mpich-3.2/lib
2017-11-15 22:09:13.143+0000 INFO  [o.n.k.i.DiagnosticsManager] /usr/java/packages/lib/amd64
2017-11-15 22:09:13.143+0000 INFO  [o.n.k.i.DiagnosticsManager] /usr/lib64
2017-11-15 22:09:13.144+0000 INFO  [o.n.k.i.DiagnosticsManager] /usr/lib64
2017-11-15 22:09:13.144+0000 INFO  [o.n.k.i.DiagnosticsManager] /usr/lib
2017-11-15 22:09:13.144+0000 INFO  [o.n.k.i.DiagnosticsManager] /usr/lib
2017-11-15 22:09:13.144+0000 INFO  [o.n.k.i.DiagnosticsManager] System.properties:
2017-11-15 22:09:13.144+0000 INFO  [o.n.k.i.DiagnosticsManager] sun.boot.library.path = /usr/lib/jvm/java-1.8.0-openjdk-1.8.0.151-1.b12.el7_4.x86_64/jre/lib/amd64
2017-11-15 22:09:13.144+0000 INFO  [o.n.k.i.DiagnosticsManager] user.country.format = BR
2017-11-15 22:09:13.144+0000 INFO  [o.n.k.i.DiagnosticsManager] org.neo4j.server.properties = conf/neo4j-server.properties
2017-11-15 22:09:13.144+0000 INFO  [o.n.k.i.DiagnosticsManager] path.separator = :
2017-11-15 22:09:13.144+0000 INFO  [o.n.k.i.DiagnosticsManager] file.encoding.pkg = sun.io
2017-11-15 22:09:13.144+0000 INFO  [o.n.k.i.DiagnosticsManager] user.country = US
2017-11-15 22:09:13.144+0000 INFO  [o.n.k.i.DiagnosticsManager] sun.java.launcher = SUN_STANDARD
2017-11-15 22:09:13.145+0000 INFO  [o.n.k.i.DiagnosticsManager] sun.os.patch.level = unknown
2017-11-15 22:09:13.145+0000 INFO  [o.n.k.i.DiagnosticsManager] user.dir = /home/quelopes/DB-Buriti/HPV-neo4j/neo4j
2017-11-15 22:09:13.145+0000 INFO  [o.n.k.i.DiagnosticsManager] neo4j.ext.udc.source = tarball
2017-11-15 22:09:13.145+0000 INFO  [o.n.k.i.DiagnosticsManager] log4j.configuration = file:conf/log4j.properties
2017-11-15 22:09:13.145+0000 INFO  [o.n.k.i.DiagnosticsManager] sun.jnu.encoding = UTF-8
2017-11-15 22:09:13.145+0000 INFO  [o.n.k.i.DiagnosticsManager] sun.management.compiler = HotSpot 64-Bit Tiered Compilers
2017-11-15 22:09:13.145+0000 INFO  [o.n.k.i.DiagnosticsManager] user.home = /home/quelopes
2017-11-15 22:09:13.145+0000 INFO  [o.n.k.i.DiagnosticsManager] user.timezone = America/Sao_Paulo
2017-11-15 22:09:13.145+0000 INFO  [o.n.k.i.DiagnosticsManager] file.encoding = UTF-8
2017-11-15 22:09:13.145+0000 INFO  [o.n.k.i.DiagnosticsManager] user.name = quelopes
2017-11-15 22:09:13.145+0000 INFO  [o.n.k.i.DiagnosticsManager] sun.java.command = org.neo4j.server.CommunityBootstrapper
2017-11-15 22:09:13.145+0000 INFO  [o.n.k.i.DiagnosticsManager] sun.arch.data.model = 64
2017-11-15 22:09:13.145+0000 INFO  [o.n.k.i.DiagnosticsManager] user.language = en
2017-11-15 22:09:13.145+0000 INFO  [o.n.k.i.DiagnosticsManager] user.language.format = pt
2017-11-15 22:09:13.145+0000 INFO  [o.n.k.i.DiagnosticsManager] awt.toolkit = sun.awt.X11.XToolkit
2017-11-15 22:09:13.146+0000 INFO  [o.n.k.i.DiagnosticsManager] file.separator = /
2017-11-15 22:09:13.146+0000 INFO  [o.n.k.i.DiagnosticsManager] sun.io.unicode.encoding = UnicodeLittle
2017-11-15 22:09:13.146+0000 INFO  [o.n.k.i.DiagnosticsManager] sun.cpu.endian = little
2017-11-15 22:09:13.146+0000 INFO  [o.n.k.i.DiagnosticsManager] neo4j.instance = /home/quelopes/DB-Buriti/HPV-neo4j/neo4j
2017-11-15 22:09:13.146+0000 INFO  [o.n.k.i.DiagnosticsManager] neo4j.home = /home/quelopes/DB-Buriti/HPV-neo4j/neo4j
2017-11-15 22:09:13.146+0000 INFO  [o.n.k.i.DiagnosticsManager] sun.cpu.isalist = 
2017-11-15 22:09:13.146+0000 INFO  [o.n.k.i.DiagnosticsManager] Linux scheduler information:
2017-11-15 22:09:13.147+0000 INFO  [o.n.k.i.DiagnosticsManager] noop [deadline] cfq 
2017-11-15 22:09:13.147+0000 INFO  [o.n.k.i.DiagnosticsManager] noop [deadline] cfq 
2017-11-15 22:09:13.147+0000 INFO  [o.n.k.i.DiagnosticsManager] noop deadline [cfq] 
2017-11-15 22:09:13.148+0000 INFO  [o.n.k.i.DiagnosticsManager] Network information:
2017-11-15 22:09:13.149+0000 INFO  [o.n.k.i.DiagnosticsManager] Interface docker0:
2017-11-15 22:09:13.150+0000 INFO  [o.n.k.i.DiagnosticsManager]     address: 172.17.0.1
2017-11-15 22:09:13.150+0000 INFO  [o.n.k.i.DiagnosticsManager] Interface eno1:
2017-11-15 22:09:13.150+0000 INFO  [o.n.k.i.DiagnosticsManager]     address: fe80:0:0:0:c2bf:aa04:8a33:2227%eno1
2017-11-15 22:09:13.150+0000 INFO  [o.n.k.i.DiagnosticsManager]     address: 146.134.8.135
2017-11-15 22:09:13.150+0000 INFO  [o.n.k.i.DiagnosticsManager] Interface lo:
2017-11-15 22:09:13.150+0000 INFO  [o.n.k.i.DiagnosticsManager]     address: 0:0:0:0:0:0:0:1%lo
2017-11-15 22:09:13.150+0000 INFO  [o.n.k.i.DiagnosticsManager]     address: 127.0.0.1
2017-11-15 22:09:13.150+0000 INFO  [o.n.k.i.DiagnosticsManager] --- INITIALIZED diagnostics END ---
2017-11-15 22:09:13.759+0000 INFO  [o.n.k.i.a.i.IndexingService] IndexingService.init: index 1 on :label[0](property[0]) is ONLINE
2017-11-15 22:09:13.858+0000 INFO  [o.n.k.i.a.i.IndexingService] IndexingService.init: index 3 on :label[1](property[1]) is ONLINE
2017-11-15 22:09:14.145+0000 INFO  [o.n.k.i.a.i.IndexingService] IndexingService.start: index 1 on :GENE(symbol) is ONLINE
2017-11-15 22:09:14.146+0000 INFO  [o.n.k.i.a.i.IndexingService] IndexingService.start: index 3 on :MODULE(color) is ONLINE
2017-11-15 22:09:14.148+0000 WARN  [o.n.k.i.a.i.s.IndexSamplingController] Recovering index sampling for index :GENE(symbol)
2017-11-15 22:09:14.158+0000 INFO  [o.n.k.i.a.i.s.OnlineIndexSamplingJob] Sampled index :GENE(symbol) with 1696 unique values in sample of avg size 1696 taken from index containing 1696 entries
2017-11-15 22:09:14.158+0000 WARN  [o.n.k.i.a.i.s.IndexSamplingController] Recovering index sampling for index :MODULE(color)
2017-11-15 22:09:14.159+0000 INFO  [o.n.k.i.a.i.s.OnlineIndexSamplingJob] Sampled index :MODULE(color) with 0 unique values in sample of avg size 0 taken from index containing 0 entries
2017-11-15 22:09:14.168+0000 INFO  [o.n.k.KernelHealth] Kernel health set to OK
2017-11-15 22:09:14.888+0000 INFO  [o.n.k.AvailabilityGuard] Fulfilling of requirement makes database available: Database available
2017-11-15 22:09:14.888+0000 INFO  [o.n.k.i.f.CommunityFacadeFactory] Database is now ready
2017-11-15 22:09:14.890+0000 INFO  [o.n.k.i.DiagnosticsManager] --- STARTED diagnostics for KernelDiagnostics:Versions START ---
2017-11-15 22:09:14.890+0000 INFO  [o.n.k.i.DiagnosticsManager] Graph Database: Community StoreId{creationTime=1510783724794, randomId=-8910477980287246680, storeVersion=15250506225055238, upgradeTime=1510783724794, upgradeId=1}
2017-11-15 22:09:14.890+0000 INFO  [o.n.k.i.DiagnosticsManager] Kernel version: 2.3.4,f3f7869
2017-11-15 22:09:14.890+0000 INFO  [o.n.k.i.DiagnosticsManager] --- STARTED diagnostics for KernelDiagnostics:Versions END ---
2017-11-15 22:09:14.893+0000 INFO  [o.n.k.i.DiagnosticsManager] --- STARTED diagnostics for NEO_STORE_VERSIONS START ---
2017-11-15 22:09:14.893+0000 INFO  [o.n.k.i.DiagnosticsManager] Store versions:
2017-11-15 22:09:14.893+0000 INFO  [o.n.k.i.DiagnosticsManager] Store versions:
2017-11-15 22:09:14.893+0000 INFO  [o.n.k.i.DiagnosticsManager] ArrayPropertyStore v0.A.6
2017-11-15 22:09:14.893+0000 INFO  [o.n.k.i.DiagnosticsManager] NodeStore v0.A.6
2017-11-15 22:09:14.893+0000 INFO  [o.n.k.i.DiagnosticsManager] StringPropertyStore v0.A.6
2017-11-15 22:09:14.893+0000 INFO  [o.n.k.i.DiagnosticsManager] PropertyIndexStore v0.A.6
2017-11-15 22:09:14.893+0000 INFO  [o.n.k.i.DiagnosticsManager] StringPropertyStore v0.A.6
2017-11-15 22:09:14.893+0000 INFO  [o.n.k.i.DiagnosticsManager] ArrayPropertyStore v0.A.6
2017-11-15 22:09:14.893+0000 INFO  [o.n.k.i.DiagnosticsManager] PropertyStore v0.A.6
2017-11-15 22:09:14.893+0000 INFO  [o.n.k.i.DiagnosticsManager] RelationshipStore v0.A.6
2017-11-15 22:09:14.894+0000 INFO  [o.n.k.i.DiagnosticsManager] StringPropertyStore v0.A.6
2017-11-15 22:09:14.894+0000 INFO  [o.n.k.i.DiagnosticsManager] RelationshipTypeStore v0.A.6
2017-11-15 22:09:14.894+0000 INFO  [o.n.k.i.DiagnosticsManager] StringPropertyStore v0.A.6
2017-11-15 22:09:14.894+0000 INFO  [o.n.k.i.DiagnosticsManager] LabelTokenStore v0.A.6
2017-11-15 22:09:14.895+0000 INFO  [o.n.k.i.DiagnosticsManager] SchemaStore v0.A.6
2017-11-15 22:09:14.895+0000 INFO  [o.n.k.i.DiagnosticsManager] RelationshipGroupStore v0.A.6
2017-11-15 22:09:14.895+0000 INFO  [o.n.k.i.DiagnosticsManager] NeoStore v0.A.6
2017-11-15 22:09:14.895+0000 INFO  [o.n.k.i.DiagnosticsManager] --- STARTED diagnostics for NEO_STORE_VERSIONS END ---
2017-11-15 22:09:14.895+0000 INFO  [o.n.k.i.DiagnosticsManager] --- STARTED diagnostics for NEO_STORE_ID_USAGE START ---
2017-11-15 22:09:14.895+0000 INFO  [o.n.k.i.DiagnosticsManager] Id usage:
2017-11-15 22:09:14.895+0000 INFO  [o.n.k.i.DiagnosticsManager] Id usage:
2017-11-15 22:09:14.896+0000 INFO  [o.n.k.i.DiagnosticsManager]   ArrayPropertyStore v0.A.6: used=1 high=0
2017-11-15 22:09:14.896+0000 INFO  [o.n.k.i.DiagnosticsManager]   NodeStore v0.A.6: used=1701 high=1700
2017-11-15 22:09:14.896+0000 INFO  [o.n.k.i.DiagnosticsManager]   StringPropertyStore v0.A.6: used=14 high=13
2017-11-15 22:09:14.897+0000 INFO  [o.n.k.i.DiagnosticsManager]   PropertyIndexStore v0.A.6: used=13 high=12
2017-11-15 22:09:14.897+0000 INFO  [o.n.k.i.DiagnosticsManager]   StringPropertyStore v0.A.6: used=1 high=0
2017-11-15 22:09:14.897+0000 INFO  [o.n.k.i.DiagnosticsManager]   ArrayPropertyStore v0.A.6: used=1 high=0
2017-11-15 22:09:14.897+0000 INFO  [o.n.k.i.DiagnosticsManager]   PropertyStore v0.A.6: used=20186 high=20185
2017-11-15 22:09:14.897+0000 INFO  [o.n.k.i.DiagnosticsManager]   RelationshipStore v0.A.6: used=15395 high=15394
2017-11-15 22:09:14.898+0000 INFO  [o.n.k.i.DiagnosticsManager]   StringPropertyStore v0.A.6: used=4 high=3
2017-11-15 22:09:14.898+0000 INFO  [o.n.k.i.DiagnosticsManager]   RelationshipTypeStore v0.A.6: used=3 high=2
2017-11-15 22:09:14.899+0000 INFO  [o.n.k.i.DiagnosticsManager]   StringPropertyStore v0.A.6: used=9 high=8
2017-11-15 22:09:14.899+0000 INFO  [o.n.k.i.DiagnosticsManager]   LabelTokenStore v0.A.6: used=8 high=7
2017-11-15 22:09:14.899+0000 INFO  [o.n.k.i.DiagnosticsManager]   SchemaStore v0.A.6: used=5 high=4
2017-11-15 22:09:14.899+0000 INFO  [o.n.k.i.DiagnosticsManager]   RelationshipGroupStore v0.A.6: used=287 high=286
2017-11-15 22:09:14.899+0000 INFO  [o.n.k.i.DiagnosticsManager]   NeoStore v0.A.6: used=13 high=12
2017-11-15 22:09:14.899+0000 INFO  [o.n.k.i.DiagnosticsManager] --- STARTED diagnostics for NEO_STORE_ID_USAGE END ---
2017-11-15 22:09:14.899+0000 INFO  [o.n.k.i.DiagnosticsManager] --- STARTED diagnostics for NEO_STORE_RECORDS START ---
2017-11-15 22:09:14.900+0000 INFO  [o.n.k.i.DiagnosticsManager] Neostore records:
2017-11-15 22:09:14.900+0000 INFO  [o.n.k.i.DiagnosticsManager] TIME (Creation time): 1510783724794
2017-11-15 22:09:14.900+0000 INFO  [o.n.k.i.DiagnosticsManager] RANDOM_NUMBER (Random number for store id): -8910477980287246680
2017-11-15 22:09:14.900+0000 INFO  [o.n.k.i.DiagnosticsManager] LOG_VERSION (Current log version): 0
2017-11-15 22:09:14.900+0000 INFO  [o.n.k.i.DiagnosticsManager] LAST_TRANSACTION_ID (Last committed transaction): 54
2017-11-15 22:09:14.900+0000 INFO  [o.n.k.i.DiagnosticsManager] STORE_VERSION (Store format version): 15250506225055238
2017-11-15 22:09:14.901+0000 INFO  [o.n.k.i.DiagnosticsManager] FIRST_GRAPH_PROPERTY (First property record containing graph properties): -1
2017-11-15 22:09:14.901+0000 INFO  [o.n.k.i.DiagnosticsManager] LAST_CONSTRAINT_TRANSACTION (Last committed transaction containing constraint changes): 9
2017-11-15 22:09:14.901+0000 INFO  [o.n.k.i.DiagnosticsManager] UPGRADE_TRANSACTION_ID (Transaction id most recent upgrade was performed at): 1
2017-11-15 22:09:14.901+0000 INFO  [o.n.k.i.DiagnosticsManager] UPGRADE_TIME (Time of last upgrade): 1510783724794
2017-11-15 22:09:14.901+0000 INFO  [o.n.k.i.DiagnosticsManager] LAST_TRANSACTION_CHECKSUM (Checksum of last committed transaction): -161165837583
2017-11-15 22:09:14.901+0000 INFO  [o.n.k.i.DiagnosticsManager] UPGRADE_TRANSACTION_CHECKSUM (Checksum of transaction id the most recent upgrade was performed at): 0
2017-11-15 22:09:14.901+0000 INFO  [o.n.k.i.DiagnosticsManager] LAST_CLOSED_TRANSACTION_LOG_VERSION (Log version where the last transaction commit entry has been written into): 0
2017-11-15 22:09:14.901+0000 INFO  [o.n.k.i.DiagnosticsManager] LAST_CLOSED_TRANSACTION_LOG_BYTE_OFFSET (Byte offset in the log file where the last transaction commit entry has been written into): 4210559
2017-11-15 22:09:14.901+0000 INFO  [o.n.k.i.DiagnosticsManager] --- STARTED diagnostics for NEO_STORE_RECORDS END ---
2017-11-15 22:09:14.901+0000 INFO  [o.n.k.i.DiagnosticsManager] --- STARTED diagnostics for TRANSACTION_RANGE START ---
2017-11-15 22:09:14.901+0000 INFO  [o.n.k.i.DiagnosticsManager] Transaction log:
2017-11-15 22:09:14.903+0000 INFO  [o.n.k.i.DiagnosticsManager] Oldest transaction 2 found in log with version 0
2017-11-15 22:09:14.903+0000 INFO  [o.n.k.i.DiagnosticsManager] --- STARTED diagnostics for TRANSACTION_RANGE END ---
2017-11-15 22:09:14.903+0000 INFO  [o.n.k.i.DiagnosticsManager] --- STARTED diagnostics for KernelDiagnostics:StoreFiles START ---
2017-11-15 22:09:14.904+0000 INFO  [o.n.k.i.DiagnosticsManager] Disk space on partition (Total / Free / Free %): 2999045849088 / 818561306624 / 27
Storage files: (filename : modification date - size)
2017-11-15 22:09:14.905+0000 INFO  [o.n.k.i.DiagnosticsManager]   index:
2017-11-15 22:09:14.905+0000 INFO  [o.n.k.i.DiagnosticsManager]   - Total: 2017-11-15T20:08:44-0200 - 0,00 B
2017-11-15 22:09:14.906+0000 INFO  [o.n.k.i.DiagnosticsManager]   messages.log: 2017-11-15T20:09:14-0200 - 69,46 kB
2017-11-15 22:09:14.906+0000 INFO  [o.n.k.i.DiagnosticsManager]   neostore: 2017-11-15T20:08:55-0200 - 8,00 kB
2017-11-15 22:09:14.906+0000 INFO  [o.n.k.i.DiagnosticsManager]   neostore.counts.db.a: 2017-11-15T20:08:45-0200 - 96,00 B
2017-11-15 22:09:14.907+0000 INFO  [o.n.k.i.DiagnosticsManager]   neostore.counts.db.b: 2017-11-15T20:08:55-0200 - 2,06 kB
2017-11-15 22:09:14.907+0000 INFO  [o.n.k.i.DiagnosticsManager]   neostore.id: 2017-11-15T20:09:13-0200 - 9,00 B
2017-11-15 22:09:14.907+0000 INFO  [o.n.k.i.DiagnosticsManager]   neostore.labeltokenstore.db: 2017-11-15T20:08:52-0200 - 8,00 kB
2017-11-15 22:09:14.908+0000 INFO  [o.n.k.i.DiagnosticsManager]   neostore.labeltokenstore.db.id: 2017-11-15T20:09:13-0200 - 9,00 B
2017-11-15 22:09:14.908+0000 INFO  [o.n.k.i.DiagnosticsManager]   neostore.labeltokenstore.db.names: 2017-11-15T20:08:52-0200 - 8,00 kB
2017-11-15 22:09:14.908+0000 INFO  [o.n.k.i.DiagnosticsManager]   neostore.labeltokenstore.db.names.id: 2017-11-15T20:09:13-0200 - 9,00 B
2017-11-15 22:09:14.908+0000 INFO  [o.n.k.i.DiagnosticsManager]   neostore.nodestore.db: 2017-11-15T20:08:55-0200 - 31,99 kB
2017-11-15 22:09:14.909+0000 INFO  [o.n.k.i.DiagnosticsManager]   neostore.nodestore.db.id: 2017-11-15T20:09:13-0200 - 9,00 B
2017-11-15 22:09:14.910+0000 INFO  [o.n.k.i.DiagnosticsManager]   neostore.nodestore.db.labels: 2017-11-15T20:08:44-0200 - 8,00 kB
2017-11-15 22:09:14.910+0000 INFO  [o.n.k.i.DiagnosticsManager]   neostore.nodestore.db.labels.id: 2017-11-15T20:09:13-0200 - 9,00 B
2017-11-15 22:09:14.910+0000 INFO  [o.n.k.i.DiagnosticsManager]   neostore.propertystore.db: 2017-11-15T20:08:55-0200 - 812,71 kB
2017-11-15 22:09:14.910+0000 INFO  [o.n.k.i.DiagnosticsManager]   neostore.propertystore.db.arrays: 2017-11-15T20:08:44-0200 - 8,00 kB
2017-11-15 22:09:14.911+0000 INFO  [o.n.k.i.DiagnosticsManager]   neostore.propertystore.db.arrays.id: 2017-11-15T20:09:13-0200 - 9,00 B
2017-11-15 22:09:14.911+0000 INFO  [o.n.k.i.DiagnosticsManager]   neostore.propertystore.db.id: 2017-11-15T20:09:13-0200 - 9,00 B
2017-11-15 22:09:14.911+0000 INFO  [o.n.k.i.DiagnosticsManager]   neostore.propertystore.db.index: 2017-11-15T20:08:53-0200 - 8,00 kB
2017-11-15 22:09:14.911+0000 INFO  [o.n.k.i.DiagnosticsManager]   neostore.propertystore.db.index.id: 2017-11-15T20:09:13-0200 - 9,00 B
2017-11-15 22:09:14.912+0000 INFO  [o.n.k.i.DiagnosticsManager]   neostore.propertystore.db.index.keys: 2017-11-15T20:08:53-0200 - 8,00 kB
2017-11-15 22:09:14.912+0000 INFO  [o.n.k.i.DiagnosticsManager]   neostore.propertystore.db.index.keys.id: 2017-11-15T20:09:13-0200 - 9,00 B
2017-11-15 22:09:14.912+0000 INFO  [o.n.k.i.DiagnosticsManager]   neostore.propertystore.db.strings: 2017-11-15T20:08:44-0200 - 8,00 kB
2017-11-15 22:09:14.912+0000 INFO  [o.n.k.i.DiagnosticsManager]   neostore.propertystore.db.strings.id: 2017-11-15T20:09:13-0200 - 9,00 B
2017-11-15 22:09:14.913+0000 INFO  [o.n.k.i.DiagnosticsManager]   neostore.relationshipgroupstore.db: 2017-11-15T20:08:55-0200 - 8,00 kB
2017-11-15 22:09:14.913+0000 INFO  [o.n.k.i.DiagnosticsManager]   neostore.relationshipgroupstore.db.id: 2017-11-15T20:09:13-0200 - 9,00 B
2017-11-15 22:09:14.913+0000 INFO  [o.n.k.i.DiagnosticsManager]   neostore.relationshipstore.db: 2017-11-15T20:08:55-0200 - 517,97 kB
2017-11-15 22:09:14.914+0000 INFO  [o.n.k.i.DiagnosticsManager]   neostore.relationshipstore.db.id: 2017-11-15T20:09:13-0200 - 9,00 B
2017-11-15 22:09:14.915+0000 INFO  [o.n.k.i.DiagnosticsManager]   neostore.relationshiptypestore.db: 2017-11-15T20:08:53-0200 - 8,00 kB
2017-11-15 22:09:14.915+0000 INFO  [o.n.k.i.DiagnosticsManager]   neostore.relationshiptypestore.db.id: 2017-11-15T20:09:13-0200 - 9,00 B
2017-11-15 22:09:14.915+0000 INFO  [o.n.k.i.DiagnosticsManager]   neostore.relationshiptypestore.db.names: 2017-11-15T20:08:53-0200 - 8,00 kB
2017-11-15 22:09:14.916+0000 INFO  [o.n.k.i.DiagnosticsManager]   neostore.relationshiptypestore.db.names.id: 2017-11-15T20:09:13-0200 - 9,00 B
2017-11-15 22:09:14.916+0000 INFO  [o.n.k.i.DiagnosticsManager]   neostore.schemastore.db: 2017-11-15T20:08:49-0200 - 8,00 kB
2017-11-15 22:09:14.916+0000 INFO  [o.n.k.i.DiagnosticsManager]   neostore.schemastore.db.id: 2017-11-15T20:09:13-0200 - 9,00 B
2017-11-15 22:09:14.916+0000 INFO  [o.n.k.i.DiagnosticsManager]   neostore.transaction.db.0: 2017-11-15T20:08:55-0200 - 4,02 MB
2017-11-15 22:09:14.916+0000 INFO  [o.n.k.i.DiagnosticsManager]   schema:
2017-11-15 22:09:14.916+0000 INFO  [o.n.k.i.DiagnosticsManager]     index:
2017-11-15 22:09:14.917+0000 INFO  [o.n.k.i.DiagnosticsManager]       lucene:
2017-11-15 22:09:14.917+0000 INFO  [o.n.k.i.DiagnosticsManager]         1:
2017-11-15 22:09:14.917+0000 INFO  [o.n.k.i.DiagnosticsManager]           _c.cfs: 2017-11-15T20:08:50-0200 - 60,40 kB
2017-11-15 22:09:14.917+0000 INFO  [o.n.k.i.DiagnosticsManager]           failure-message: 2017-11-15T20:08:48-0200 - 16,00 kB
2017-11-15 22:09:14.917+0000 INFO  [o.n.k.i.DiagnosticsManager]           segments.gen: 2017-11-15T20:08:55-0200 - 20,00 B
2017-11-15 22:09:14.918+0000 INFO  [o.n.k.i.DiagnosticsManager]           segments_2: 2017-11-15T20:08:55-0200 - 310,00 B
2017-11-15 22:09:14.918+0000 INFO  [o.n.k.i.DiagnosticsManager]           write.lock: 2017-11-15T20:09:13-0200 - 0,00 B
2017-11-15 22:09:14.918+0000 INFO  [o.n.k.i.DiagnosticsManager]         - Total: 2017-11-15T20:09:13-0200 - 76,72 kB
2017-11-15 22:09:14.918+0000 INFO  [o.n.k.i.DiagnosticsManager]         3:
2017-11-15 22:09:14.919+0000 INFO  [o.n.k.i.DiagnosticsManager]           failure-message: 2017-11-15T20:08:48-0200 - 16,00 kB
2017-11-15 22:09:14.919+0000 INFO  [o.n.k.i.DiagnosticsManager]           segments.gen: 2017-11-15T20:08:48-0200 - 20,00 B
2017-11-15 22:09:14.919+0000 INFO  [o.n.k.i.DiagnosticsManager]           segments_1: 2017-11-15T20:08:48-0200 - 46,00 B
2017-11-15 22:09:14.919+0000 INFO  [o.n.k.i.DiagnosticsManager]           write.lock: 2017-11-15T20:09:13-0200 - 0,00 B
2017-11-15 22:09:14.919+0000 INFO  [o.n.k.i.DiagnosticsManager]         - Total: 2017-11-15T20:09:13-0200 - 16,06 kB
2017-11-15 22:09:14.920+0000 INFO  [o.n.k.i.DiagnosticsManager]       - Total: 2017-11-15T20:08:48-0200 - 92,79 kB
2017-11-15 22:09:14.920+0000 INFO  [o.n.k.i.DiagnosticsManager]     - Total: 2017-11-15T20:08:48-0200 - 92,79 kB
2017-11-15 22:09:14.920+0000 INFO  [o.n.k.i.DiagnosticsManager]     label:
2017-11-15 22:09:14.920+0000 INFO  [o.n.k.i.DiagnosticsManager]       lucene:
2017-11-15 22:09:14.921+0000 INFO  [o.n.k.i.DiagnosticsManager]         _d.cfs: 2017-11-15T20:08:50-0200 - 2,23 kB
2017-11-15 22:09:14.921+0000 INFO  [o.n.k.i.DiagnosticsManager]         segments.gen: 2017-11-15T20:08:55-0200 - 20,00 B
2017-11-15 22:09:14.921+0000 INFO  [o.n.k.i.DiagnosticsManager]         segments_1: 2017-11-15T20:08:55-0200 - 296,00 B
2017-11-15 22:09:14.921+0000 INFO  [o.n.k.i.DiagnosticsManager]         write.lock: 2017-11-15T20:09:13-0200 - 0,00 B
2017-11-15 22:09:14.921+0000 INFO  [o.n.k.i.DiagnosticsManager]       - Total: 2017-11-15T20:09:13-0200 - 2,54 kB
2017-11-15 22:09:14.921+0000 INFO  [o.n.k.i.DiagnosticsManager]     - Total: 2017-11-15T20:08:44-0200 - 2,54 kB
2017-11-15 22:09:14.922+0000 INFO  [o.n.k.i.DiagnosticsManager]   - Total: 2017-11-15T20:08:48-0200 - 95,32 kB
2017-11-15 22:09:14.922+0000 INFO  [o.n.k.i.DiagnosticsManager]   store_lock: 2017-11-15T20:08:44-0200 - 0,00 B
2017-11-15 22:09:14.922+0000 INFO  [o.n.k.i.DiagnosticsManager] --- STARTED diagnostics for KernelDiagnostics:StoreFiles END ---
2017-11-15 22:09:16.467+0000 INFO  [o.n.k.i.DiagnosticsManager] --- SERVER STARTED START ---
2017-11-15 22:09:18.420+0000 INFO  [o.n.k.i.DiagnosticsManager] --- SERVER STARTED END ---
2017-11-15 22:09:21.746+0000 WARN  [o.n.k.i.c.MonitorGc] GC Monitor: Application threads blocked for 2225ms.
2017-11-15 22:09:23.078+0000 WARN  [o.n.k.i.c.MonitorGc] GC Monitor: Application threads blocked for 830ms.
2017-11-15 22:09:24.077+0000 WARN  [o.n.k.i.c.MonitorGc] GC Monitor: Application threads blocked for 512ms.
2017-11-15 22:09:25.817+0000 WARN  [o.n.k.i.c.MonitorGc] GC Monitor: Application threads blocked for 990ms.
2017-11-15 22:09:26.364+0000 WARN  [o.n.k.i.c.MonitorGc] GC Monitor: Application threads blocked for 446ms.
2017-11-15 22:09:26.829+0000 WARN  [o.n.k.i.c.MonitorGc] GC Monitor: Application threads blocked for 363ms.
2017-11-15 22:09:27.738+0000 WARN  [o.n.k.i.c.MonitorGc] GC Monitor: Application threads blocked for 307ms.
2017-11-15 22:09:28.128+0000 WARN  [o.n.k.i.c.MonitorGc] GC Monitor: Application threads blocked for 288ms.
2017-11-15 22:09:28.738+0000 WARN  [o.n.k.i.c.MonitorGc] GC Monitor: Application threads blocked for 409ms.
2017-11-15 22:09:29.062+0000 WARN  [o.n.k.i.c.MonitorGc] GC Monitor: Application threads blocked for 222ms.
2017-11-15 22:09:30.601+0000 WARN  [o.n.k.i.c.MonitorGc] GC Monitor: Application threads blocked for 420ms.
2017-11-15 22:09:31.100+0000 WARN  [o.n.k.i.c.MonitorGc] GC Monitor: Application threads blocked for 398ms.
2017-11-15 22:09:32.114+0000 WARN  [o.n.k.i.c.MonitorGc] GC Monitor: Application threads blocked for 447ms.
2017-11-15 22:09:33.277+0000 WARN  [o.n.k.i.c.MonitorGc] GC Monitor: Application threads blocked for 271ms.
2017-11-15 22:09:35.908+0000 WARN  [o.n.k.i.c.MonitorGc] GC Monitor: Application threads blocked for 553ms.
2017-11-15 22:09:36.773+0000 WARN  [o.n.k.i.c.MonitorGc] GC Monitor: Application threads blocked for 663ms.
2017-11-15 22:09:38.478+0000 WARN  [o.n.k.i.c.MonitorGc] GC Monitor: Application threads blocked for 652ms.
2017-11-15 22:09:39.234+0000 WARN  [o.n.k.i.c.MonitorGc] GC Monitor: Application threads blocked for 258ms.
2017-11-15 22:09:40.746+0000 WARN  [o.n.k.i.c.MonitorGc] GC Monitor: Application threads blocked for 397ms.
2017-11-15 22:09:41.501+0000 WARN  [o.n.k.i.c.MonitorGc] GC Monitor: Application threads blocked for 322ms.
2017-11-15 22:09:42.078+0000 WARN  [o.n.k.i.c.MonitorGc] GC Monitor: Application threads blocked for 477ms.
2017-11-15 22:09:42.817+0000 WARN  [o.n.k.i.c.MonitorGc] GC Monitor: Application threads blocked for 460ms.
2017-11-15 22:09:43.769+0000 WARN  [o.n.k.i.c.MonitorGc] GC Monitor: Application threads blocked for 450ms.
2017-11-15 22:09:46.079+0000 WARN  [o.n.k.i.c.MonitorGc] GC Monitor: Application threads blocked for 2064ms.
2017-11-15 22:09:46.994+0000 WARN  [o.n.k.i.c.MonitorGc] GC Monitor: Application threads blocked for 314ms.
2017-11-15 22:09:48.078+0000 WARN  [o.n.k.i.c.MonitorGc] GC Monitor: Application threads blocked for 753ms.
2017-11-15 22:09:48.651+0000 WARN  [o.n.k.i.c.MonitorGc] GC Monitor: Application threads blocked for 473ms.
2017-11-15 22:09:49.524+0000 WARN  [o.n.k.i.c.MonitorGc] GC Monitor: Application threads blocked for 271ms.
2017-11-15 22:09:50.285+0000 WARN  [o.n.k.i.c.MonitorGc] GC Monitor: Application threads blocked for 502ms.
2017-11-15 22:09:50.875+0000 WARN  [o.n.k.i.c.MonitorGc] GC Monitor: Application threads blocked for 489ms.
2017-11-15 22:09:51.675+0000 WARN  [o.n.k.i.c.MonitorGc] GC Monitor: Application threads blocked for 533ms.
2017-11-15 22:09:53.078+0000 WARN  [o.n.k.i.c.MonitorGc] GC Monitor: Application threads blocked for 508ms.
2017-11-15 22:09:54.078+0000 WARN  [o.n.k.i.c.MonitorGc] GC Monitor: Application threads blocked for 668ms.
2017-11-15 22:09:55.670+0000 WARN  [o.n.k.i.c.MonitorGc] GC Monitor: Application threads blocked for 724ms.
2017-11-15 22:09:56.426+0000 WARN  [o.n.k.i.c.MonitorGc] GC Monitor: Application threads blocked for 548ms.
2017-11-15 22:09:56.836+0000 WARN  [o.n.k.i.c.MonitorGc] GC Monitor: Application threads blocked for 310ms.
2017-11-15 22:09:57.940+0000 WARN  [o.n.k.i.c.MonitorGc] GC Monitor: Application threads blocked for 251ms.
2017-11-15 22:09:58.893+0000 WARN  [o.n.k.i.c.MonitorGc] GC Monitor: Application threads blocked for 448ms.
2017-11-15 22:09:59.642+0000 WARN  [o.n.k.i.c.MonitorGc] GC Monitor: Application threads blocked for 295ms.
2017-11-15 22:10:00.858+0000 WARN  [o.n.k.i.c.MonitorGc] GC Monitor: Application threads blocked for 366ms.
2017-11-15 22:10:01.694+0000 WARN  [o.n.k.i.c.MonitorGc] GC Monitor: Application threads blocked for 442ms.
2017-11-15 22:10:02.662+0000 WARN  [o.n.k.i.c.MonitorGc] GC Monitor: Application threads blocked for 471ms.
2017-11-15 22:10:03.622+0000 WARN  [o.n.k.i.c.MonitorGc] GC Monitor: Application threads blocked for 358ms.
2017-11-15 22:10:04.577+0000 WARN  [o.n.k.i.c.MonitorGc] GC Monitor: Application threads blocked for 254ms.
2017-11-15 22:10:06.835+0000 WARN  [o.n.k.i.c.MonitorGc] GC Monitor: Application threads blocked for 391ms.
2017-11-15 22:10:08.095+0000 WARN  [o.n.k.i.c.MonitorGc] GC Monitor: Application threads blocked for 407ms.
2017-11-15 22:10:09.978+0000 WARN  [o.n.k.i.c.MonitorGc] GC Monitor: Application threads blocked for 211ms.
2017-11-15 22:10:10.518+0000 WARN  [o.n.k.i.c.MonitorGc] GC Monitor: Application threads blocked for 209ms.
2017-11-15 22:10:12.100+0000 WARN  [o.n.k.i.c.MonitorGc] GC Monitor: Application threads blocked for 979ms.
2017-11-15 22:10:12.622+0000 WARN  [o.n.k.i.c.MonitorGc] GC Monitor: Application threads blocked for 421ms.
2017-11-15 22:10:13.099+0000 WARN  [o.n.k.i.c.MonitorGc] GC Monitor: Application threads blocked for 376ms.
2017-11-15 22:10:14.099+0000 WARN  [o.n.k.i.c.MonitorGc] GC Monitor: Application threads blocked for 213ms.
2017-11-15 22:10:14.859+0000 WARN  [o.n.k.i.c.MonitorGc] GC Monitor: Application threads blocked for 274ms.
2017-11-15 22:10:16.911+0000 WARN  [o.n.k.i.c.MonitorGc] GC Monitor: Application threads blocked for 313ms.
2017-11-15 22:10:17.503+0000 WARN  [o.n.k.i.c.MonitorGc] GC Monitor: Application threads blocked for 289ms.
2017-11-15 22:10:18.644+0000 WARN  [o.n.k.i.c.MonitorGc] GC Monitor: Application threads blocked for 655ms.
2017-11-15 22:10:20.787+0000 WARN  [o.n.k.i.c.MonitorGc] GC Monitor: Application threads blocked for 432ms.
2017-11-15 22:10:21.388+0000 WARN  [o.n.k.i.c.MonitorGc] GC Monitor: Application threads blocked for 308ms.
2017-11-15 22:10:22.556+0000 WARN  [o.n.k.i.c.MonitorGc] GC Monitor: Application threads blocked for 282ms.
2017-11-15 22:10:23.311+0000 WARN  [o.n.k.i.c.MonitorGc] GC Monitor: Application threads blocked for 231ms.
2017-11-15 22:10:23.752+0000 WARN  [o.n.k.i.c.MonitorGc] GC Monitor: Application threads blocked for 340ms.
2017-11-15 22:10:25.395+0000 WARN  [o.n.k.i.c.MonitorGc] GC Monitor: Application threads blocked for 277ms.
2017-11-15 22:10:26.365+0000 WARN  [o.n.k.i.c.MonitorGc] GC Monitor: Application threads blocked for 381ms.
2017-11-15 22:10:27.670+0000 WARN  [o.n.k.i.c.MonitorGc] GC Monitor: Application threads blocked for 378ms.
2017-11-15 22:10:30.620+0000 WARN  [o.n.k.i.c.MonitorGc] GC Monitor: Application threads blocked for 244ms.
2017-11-15 22:10:31.685+0000 WARN  [o.n.k.i.c.MonitorGc] GC Monitor: Application threads blocked for 451ms.
